2012/01/21 21:14:38 [error] [exception.CHttpException.404] exception 'CHttpException' with message 'Unable to resolve the request "login".' in /Users/dandeluca/Sites/yii-money/framework/web/CWebApplication.php:280
Stack trace:
#0 /Users/dandeluca/Sites/yii-money/framework/web/CWebApplication.php(135): CWebApplication->runController('')
#1 /Users/dandeluca/Sites/yii-money/framework/base/CApplication.php(162): CWebApplication->processRequest()
#2 /Users/dandeluca/Sites/yii-money/app/index.php(13): CApplication->run()
#3 {main}
REQUEST_URI=/yii-money/app/index.php?r=site/page&view=about
HTTP_REFERER=http://localhost/yii-money/app/index.php?r=site/index
---
2012/01/21 23:29:18 [error] [exception.CHttpException.404] exception 'CHttpException' with message 'Unable to resolve the request "login".' in /Users/dandeluca/Sites/yii-money/framework/web/CWebApplication.php:280
Stack trace:
#0 /Users/dandeluca/Sites/yii-money/framework/web/CWebApplication.php(135): CWebApplication->runController('')
#1 /Users/dandeluca/Sites/yii-money/framework/base/CApplication.php(162): CWebApplication->processRequest()
#2 /Users/dandeluca/Sites/yii-money/app/index.php(13): CApplication->run()
#3 {main}
REQUEST_URI=/yii-money/app/index.php
HTTP_REFERER=http://localhost/yii-money/app/index.php/site/contact
---
2012/01/21 23:36:02 [error] [exception.CHttpException.404] exception 'CHttpException' with message 'Unable to resolve the request "login".' in /Users/dandeluca/Sites/yii-money/framework/web/CWebApplication.php:280
Stack trace:
#0 /Users/dandeluca/Sites/yii-money/framework/web/CWebApplication.php(135): CWebApplication->runController('')
#1 /Users/dandeluca/Sites/yii-money/framework/base/CApplication.php(162): CWebApplication->processRequest()
#2 /Users/dandeluca/Sites/yii-money/app/index.php(13): CApplication->run()
#3 {main}
REQUEST_URI=/yii-money/app/index.php
HTTP_REFERER=http://localhost/yii-money/app/index.php/site/page?view=about
---
2012/01/21 23:39:38 [error] [exception.CHttpException.404] exception 'CHttpException' with message 'Unable to resolve the request "login".' in /Users/dandeluca/Sites/yii-money/framework/web/CWebApplication.php:280
Stack trace:
#0 /Users/dandeluca/Sites/yii-money/framework/web/CWebApplication.php(135): CWebApplication->runController('')
#1 /Users/dandeluca/Sites/yii-money/framework/base/CApplication.php(162): CWebApplication->processRequest()
#2 /Users/dandeluca/Sites/yii-money/app/index.php(13): CApplication->run()
#3 {main}
REQUEST_URI=/yii-money/app/index.php
HTTP_REFERER=http://localhost/yii-money/app/index.php/site/login
---
2012/01/22 16:28:56 [error] [exception.CHttpException.404] exception 'CHttpException' with message 'The system is unable to find the requested action "search".' in /Users/dandeluca/Sites/yii-money/framework/web/CController.php:484
Stack trace:
#0 /Users/dandeluca/Sites/yii-money/framework/web/CController.php(271): CController->missingAction('search')
#1 /Users/dandeluca/Sites/yii-money/framework/web/CWebApplication.php(276): CController->run('search')
#2 /Users/dandeluca/Sites/yii-money/framework/web/CWebApplication.php(135): CWebApplication->runController('department/sear...')
#3 /Users/dandeluca/Sites/yii-money/framework/base/CApplication.php(162): CWebApplication->processRequest()
#4 /Users/dandeluca/Sites/yii-money/app/index.php(13): CApplication->run()
#5 {main}
REQUEST_URI=/yii-money/app/index.php/department/search
---
2012/01/22 16:29:15 [error] [exception.CHttpException.400] exception 'CHttpException' with message 'Your request is invalid.' in /Users/dandeluca/Sites/yii-money/framework/web/CController.php:337
Stack trace:
#0 /Users/dandeluca/Sites/yii-money/framework/web/CController.php(310): CController->invalidActionParams(Object(CInlineAction))
#1 /Users/dandeluca/Sites/yii-money/framework/web/filters/CFilterChain.php(134): CController->runAction(Object(CInlineAction))
#2 /Users/dandeluca/Sites/yii-money/framework/web/filters/CFilter.php(41): CFilterChain->run()
#3 /Users/dandeluca/Sites/yii-money/framework/web/CController.php(1146): CFilter->filter(Object(CFilterChain))
#4 /Users/dandeluca/Sites/yii-money/framework/web/filters/CInlineFilter.php(59): CController->filterAccessControl(Object(CFilterChain))
#5 /Users/dandeluca/Sites/yii-money/framework/web/filters/CFilterChain.php(131): CInlineFilter->filter(Object(CFilterChain))
#6 /Users/dandeluca/Sites/yii-money/framework/web/CController.php(292): CFilterChain->run()
#7 /Users/dandeluca/Sites/yii-money/framework/web/CController.php(266): CController->runActionWithFilters(Object(CInlineAction), Array)
#8 /Users/dandeluca/Sites/yii-money/framework/web/CWebApplication.php(276): CController->run('update')
#9 /Users/dandeluca/Sites/yii-money/framework/web/CWebApplication.php(135): CWebApplication->runController('department/upda...')
#10 /Users/dandeluca/Sites/yii-money/framework/base/CApplication.php(162): CWebApplication->processRequest()
#11 /Users/dandeluca/Sites/yii-money/app/index.php(13): CApplication->run()
#12 {main}
REQUEST_URI=/yii-money/app/index.php/department/update
---
2012/01/22 16:47:02 [error] [exception.CHttpException.404] exception 'CHttpException' with message 'Unable to resolve the request "emplyee/admin".' in /Users/dandeluca/Sites/yii-money/framework/web/CWebApplication.php:280
Stack trace:
#0 /Users/dandeluca/Sites/yii-money/framework/web/CWebApplication.php(135): CWebApplication->runController('emplyee/admin')
#1 /Users/dandeluca/Sites/yii-money/framework/base/CApplication.php(162): CWebApplication->processRequest()
#2 /Users/dandeluca/Sites/yii-money/app/index.php(13): CApplication->run()
#3 {main}
REQUEST_URI=/yii-money/app/index.php/emplyee/admin
---
2012/01/22 17:41:51 [error] [exception.CHttpException.404] exception 'CHttpException' with message 'The system is unable to find the requested action "form".' in /Users/dandeluca/Sites/yii-money/framework/web/CController.php:484
Stack trace:
#0 /Users/dandeluca/Sites/yii-money/framework/web/CController.php(271): CController->missingAction('form')
#1 /Users/dandeluca/Sites/yii-money/framework/web/CWebApplication.php(276): CController->run('form')
#2 /Users/dandeluca/Sites/yii-money/framework/web/CWebApplication.php(135): CWebApplication->runController('employee/form')
#3 /Users/dandeluca/Sites/yii-money/framework/base/CApplication.php(162): CWebApplication->processRequest()
#4 /Users/dandeluca/Sites/yii-money/app/index.php(13): CApplication->run()
#5 {main}
REQUEST_URI=/yii-money/app/index.php/employee/form
---
2012/01/29 17:36:47 [error] [system.db.CDbCommand] CDbCommand::fetchAll() failed: SQLSTATE[42S02]: Base table or view not found: 1146 Table 'money.department' doesn't exist. The SQL statement executed was: SHOW COLUMNS FROM `Department`.
in /Users/dandeluca/Sites/yii-money/protected/controllers/DepartmentController.php (130)
in /Users/dandeluca/Sites/yii-money/htdocs/index.php (13)
2012/01/29 17:36:47 [error] [exception.CDbException] exception 'CDbException' with message 'The table "Department" for active record class "Department" cannot be found in the database.' in /Users/dandeluca/Sites/yii-money/framework/db/ar/CActiveRecord.php:2264
Stack trace:
#0 /Users/dandeluca/Sites/yii-money/framework/db/ar/CActiveRecord.php(379): CActiveRecordMetaData->__construct(Object(Department))
#1 /Users/dandeluca/Sites/yii-money/framework/web/CActiveDataProvider.php(75): CActiveRecord::model('Department')
#2 /Users/dandeluca/Sites/yii-money/protected/controllers/DepartmentController.php(130): CActiveDataProvider->__construct('Department')
#3 /Users/dandeluca/Sites/yii-money/framework/web/actions/CInlineAction.php(50): DepartmentController->actionIndex()
#4 /Users/dandeluca/Sites/yii-money/framework/web/CController.php(309): CInlineAction->runWithParams(Array)
#5 /Users/dandeluca/Sites/yii-money/framework/web/filters/CFilterChain.php(134): CController->runAction(Object(CInlineAction))
#6 /Users/dandeluca/Sites/yii-money/framework/web/filters/CFilter.php(41): CFilterChain->run()
#7 /Users/dandeluca/Sites/yii-money/framework/web/CController.php(1146): CFilter->filter(Object(CFilterChain))
#8 /Users/dandeluca/Sites/yii-money/framework/web/filters/CInlineFilter.php(59): CController->filterAccessControl(Object(CFilterChain))
#9 /Users/dandeluca/Sites/yii-money/framework/web/filters/CFilterChain.php(131): CInlineFilter->filter(Object(CFilterChain))
#10 /Users/dandeluca/Sites/yii-money/framework/web/CController.php(292): CFilterChain->run()
#11 /Users/dandeluca/Sites/yii-money/framework/web/CController.php(266): CController->runActionWithFilters(Object(CInlineAction), Array)
#12 /Users/dandeluca/Sites/yii-money/framework/web/CWebApplication.php(276): CController->run('')
#13 /Users/dandeluca/Sites/yii-money/framework/web/CWebApplication.php(135): CWebApplication->runController('department')
#14 /Users/dandeluca/Sites/yii-money/framework/base/CApplication.php(162): CWebApplication->processRequest()
#15 /Users/dandeluca/Sites/yii-money/htdocs/index.php(13): CApplication->run()
#16 {main}
REQUEST_URI=/yii-money/htdocs/index.php/department
---
2012/01/29 17:56:57 [error] [system.db.CDbCommand] CDbCommand::fetchAll() failed: SQLSTATE[42S02]: Base table or view not found: 1146 Table 'money.payee' doesn't exist. The SQL statement executed was: SHOW COLUMNS FROM `Payee`.
in /Users/dandeluca/Sites/yii-money/htdocs/index.php (13)
2012/01/29 17:57:11 [error] [system.db.CDbCommand] CDbCommand::fetchAll() failed: SQLSTATE[42S02]: Base table or view not found: 1146 Table 'money.payee' doesn't exist. The SQL statement executed was: SHOW COLUMNS FROM `Payee`.
in /Users/dandeluca/Sites/yii-money/htdocs/index.php (13)
2012/01/29 18:58:26 [error] [php] include(Department.php) [<a href='function.include'>function.include</a>]: failed to open stream: No such file or directory (/Users/dandeluca/Sites/yii-money/framework/YiiBase.php:418)
Stack trace:
#0 /Users/dandeluca/Sites/yii-money/protected/views/subcats/_form.php(14): spl_autoload_call()
#1 /Users/dandeluca/Sites/yii-money/framework/web/CBaseController.php(127): require()
#2 /Users/dandeluca/Sites/yii-money/framework/web/CBaseController.php(96): SubCatsController->renderInternal()
#3 /Users/dandeluca/Sites/yii-money/framework/web/CController.php(870): SubCatsController->renderFile()
#4 /Users/dandeluca/Sites/yii-money/protected/views/subcats/create.php(15): SubCatsController->renderPartial()
#5 /Users/dandeluca/Sites/yii-money/framework/web/CBaseController.php(127): require()
#6 /Users/dandeluca/Sites/yii-money/framework/web/CBaseController.php(96): SubCatsController->renderInternal()
#7 /Users/dandeluca/Sites/yii-money/framework/web/CController.php(870): SubCatsController->renderFile()
#8 /Users/dandeluca/Sites/yii-money/framework/web/CController.php(783): SubCatsController->renderPartial()
#9 /Users/dandeluca/Sites/yii-money/protected/controllers/SubcatsController.php(78): SubCatsController->render()
#10 /Users/dandeluca/Sites/yii-money/framework/web/actions/CInlineAction.php(50): SubCatsController->actionCreate()
#11 /Users/dandeluca/Sites/yii-money/framework/web/CController.php(309): CInlineAction->runWithParams()
#12 /Users/dandeluca/Sites/yii-money/framework/web/filters/CFilterChain.php(134): SubCatsController->runAction()
#13 /Users/dandeluca/Sites/yii-money/framework/web/filters/CFilter.php(41): CFilterChain->run()
#14 /Users/dandeluca/Sites/yii-money/framework/web/CController.php(1146): CAccessControlFilter->filter()
#15 /Users/dandeluca/Sites/yii-money/framework/web/filters/CInlineFilter.php(59): SubCatsController->filterAccessControl()
#16 /Users/dandeluca/Sites/yii-money/framework/web/filters/CFilterChain.php(131): CInlineFilter->filter()
#17 /Users/dandeluca/Sites/yii-money/framework/web/CController.php(292): CFilterChain->run()
#18 /Users/dandeluca/Sites/yii-money/framework/web/CController.php(266): SubCatsController->runActionWithFilters()
#19 /Users/dandeluca/Sites/yii-money/framework/web/CWebApplication.php(276): SubCatsController->run()
#20 /Users/dandeluca/Sites/yii-money/framework/web/CWebApplication.php(135): CWebApplication->runController()
#21 /Users/dandeluca/Sites/yii-money/framework/base/CApplication.php(162): CWebApplication->processRequest()
#22 /Users/dandeluca/Sites/yii-money/htdocs/index.php(13): CWebApplication->run()
REQUEST_URI=/yii-money/htdocs/index.php/subcats/create
in /Users/dandeluca/Sites/yii-money/protected/views/subcats/_form.php (14)
in /Users/dandeluca/Sites/yii-money/protected/views/subcats/create.php (15)
in /Users/dandeluca/Sites/yii-money/protected/controllers/SubcatsController.php (78)
2012/01/29 18:59:03 [error] [php] include(Department.php) [<a href='function.include'>function.include</a>]: failed to open stream: No such file or directory (/Users/dandeluca/Sites/yii-money/framework/YiiBase.php:418)
Stack trace:
#0 /Users/dandeluca/Sites/yii-money/protected/views/subcats/_form.php(14): spl_autoload_call()
#1 /Users/dandeluca/Sites/yii-money/framework/web/CBaseController.php(127): require()
#2 /Users/dandeluca/Sites/yii-money/framework/web/CBaseController.php(96): SubCatsController->renderInternal()
#3 /Users/dandeluca/Sites/yii-money/framework/web/CController.php(870): SubCatsController->renderFile()
#4 /Users/dandeluca/Sites/yii-money/protected/views/subcats/create.php(15): SubCatsController->renderPartial()
#5 /Users/dandeluca/Sites/yii-money/framework/web/CBaseController.php(127): require()
#6 /Users/dandeluca/Sites/yii-money/framework/web/CBaseController.php(96): SubCatsController->renderInternal()
#7 /Users/dandeluca/Sites/yii-money/framework/web/CController.php(870): SubCatsController->renderFile()
#8 /Users/dandeluca/Sites/yii-money/framework/web/CController.php(783): SubCatsController->renderPartial()
#9 /Users/dandeluca/Sites/yii-money/protected/controllers/SubcatsController.php(78): SubCatsController->render()
#10 /Users/dandeluca/Sites/yii-money/framework/web/actions/CInlineAction.php(50): SubCatsController->actionCreate()
#11 /Users/dandeluca/Sites/yii-money/framework/web/CController.php(309): CInlineAction->runWithParams()
#12 /Users/dandeluca/Sites/yii-money/framework/web/filters/CFilterChain.php(134): SubCatsController->runAction()
#13 /Users/dandeluca/Sites/yii-money/framework/web/filters/CFilter.php(41): CFilterChain->run()
#14 /Users/dandeluca/Sites/yii-money/framework/web/CController.php(1146): CAccessControlFilter->filter()
#15 /Users/dandeluca/Sites/yii-money/framework/web/filters/CInlineFilter.php(59): SubCatsController->filterAccessControl()
#16 /Users/dandeluca/Sites/yii-money/framework/web/filters/CFilterChain.php(131): CInlineFilter->filter()
#17 /Users/dandeluca/Sites/yii-money/framework/web/CController.php(292): CFilterChain->run()
#18 /Users/dandeluca/Sites/yii-money/framework/web/CController.php(266): SubCatsController->runActionWithFilters()
#19 /Users/dandeluca/Sites/yii-money/framework/web/CWebApplication.php(276): SubCatsController->run()
#20 /Users/dandeluca/Sites/yii-money/framework/web/CWebApplication.php(135): CWebApplication->runController()
#21 /Users/dandeluca/Sites/yii-money/framework/base/CApplication.php(162): CWebApplication->processRequest()
#22 /Users/dandeluca/Sites/yii-money/htdocs/index.php(13): CWebApplication->run()
REQUEST_URI=/yii-money/htdocs/index.php/subcats/create
in /Users/dandeluca/Sites/yii-money/protected/views/subcats/_form.php (14)
in /Users/dandeluca/Sites/yii-money/protected/views/subcats/create.php (15)
in /Users/dandeluca/Sites/yii-money/protected/controllers/SubcatsController.php (78)
2012/01/29 18:59:30 [error] [php] include(Department.php) [<a href='function.include'>function.include</a>]: failed to open stream: No such file or directory (/Users/dandeluca/Sites/yii-money/framework/YiiBase.php:418)
Stack trace:
#0 /Users/dandeluca/Sites/yii-money/protected/views/subcats/_form.php(14): spl_autoload_call()
#1 /Users/dandeluca/Sites/yii-money/framework/web/CBaseController.php(127): require()
#2 /Users/dandeluca/Sites/yii-money/framework/web/CBaseController.php(96): SubCatsController->renderInternal()
#3 /Users/dandeluca/Sites/yii-money/framework/web/CController.php(870): SubCatsController->renderFile()
#4 /Users/dandeluca/Sites/yii-money/protected/views/subcats/create.php(15): SubCatsController->renderPartial()
#5 /Users/dandeluca/Sites/yii-money/framework/web/CBaseController.php(127): require()
#6 /Users/dandeluca/Sites/yii-money/framework/web/CBaseController.php(96): SubCatsController->renderInternal()
#7 /Users/dandeluca/Sites/yii-money/framework/web/CController.php(870): SubCatsController->renderFile()
#8 /Users/dandeluca/Sites/yii-money/framework/web/CController.php(783): SubCatsController->renderPartial()
#9 /Users/dandeluca/Sites/yii-money/protected/controllers/SubcatsController.php(78): SubCatsController->render()
#10 /Users/dandeluca/Sites/yii-money/framework/web/actions/CInlineAction.php(50): SubCatsController->actionCreate()
#11 /Users/dandeluca/Sites/yii-money/framework/web/CController.php(309): CInlineAction->runWithParams()
#12 /Users/dandeluca/Sites/yii-money/framework/web/filters/CFilterChain.php(134): SubCatsController->runAction()
#13 /Users/dandeluca/Sites/yii-money/framework/web/filters/CFilter.php(41): CFilterChain->run()
#14 /Users/dandeluca/Sites/yii-money/framework/web/CController.php(1146): CAccessControlFilter->filter()
#15 /Users/dandeluca/Sites/yii-money/framework/web/filters/CInlineFilter.php(59): SubCatsController->filterAccessControl()
#16 /Users/dandeluca/Sites/yii-money/framework/web/filters/CFilterChain.php(131): CInlineFilter->filter()
#17 /Users/dandeluca/Sites/yii-money/framework/web/CController.php(292): CFilterChain->run()
#18 /Users/dandeluca/Sites/yii-money/framework/web/CController.php(266): SubCatsController->runActionWithFilters()
#19 /Users/dandeluca/Sites/yii-money/framework/web/CWebApplication.php(276): SubCatsController->run()
#20 /Users/dandeluca/Sites/yii-money/framework/web/CWebApplication.php(135): CWebApplication->runController()
#21 /Users/dandeluca/Sites/yii-money/framework/base/CApplication.php(162): CWebApplication->processRequest()
#22 /Users/dandeluca/Sites/yii-money/htdocs/index.php(13): CWebApplication->run()
REQUEST_URI=/yii-money/htdocs/index.php/subcats/create
in /Users/dandeluca/Sites/yii-money/protected/views/subcats/_form.php (14)
in /Users/dandeluca/Sites/yii-money/protected/views/subcats/create.php (15)
in /Users/dandeluca/Sites/yii-money/protected/controllers/SubcatsController.php (78)
2012/01/29 18:59:39 [error] [php] include(Department.php) [<a href='function.include'>function.include</a>]: failed to open stream: No such file or directory (/Users/dandeluca/Sites/yii-money/framework/YiiBase.php:418)
Stack trace:
#0 /Users/dandeluca/Sites/yii-money/protected/views/subcats/_form.php(14): spl_autoload_call()
#1 /Users/dandeluca/Sites/yii-money/framework/web/CBaseController.php(127): require()
#2 /Users/dandeluca/Sites/yii-money/framework/web/CBaseController.php(96): SubCatsController->renderInternal()
#3 /Users/dandeluca/Sites/yii-money/framework/web/CController.php(870): SubCatsController->renderFile()
#4 /Users/dandeluca/Sites/yii-money/protected/views/subcats/create.php(15): SubCatsController->renderPartial()
#5 /Users/dandeluca/Sites/yii-money/framework/web/CBaseController.php(127): require()
#6 /Users/dandeluca/Sites/yii-money/framework/web/CBaseController.php(96): SubCatsController->renderInternal()
#7 /Users/dandeluca/Sites/yii-money/framework/web/CController.php(870): SubCatsController->renderFile()
#8 /Users/dandeluca/Sites/yii-money/framework/web/CController.php(783): SubCatsController->renderPartial()
#9 /Users/dandeluca/Sites/yii-money/protected/controllers/SubcatsController.php(78): SubCatsController->render()
#10 /Users/dandeluca/Sites/yii-money/framework/web/actions/CInlineAction.php(50): SubCatsController->actionCreate()
#11 /Users/dandeluca/Sites/yii-money/framework/web/CController.php(309): CInlineAction->runWithParams()
#12 /Users/dandeluca/Sites/yii-money/framework/web/filters/CFilterChain.php(134): SubCatsController->runAction()
#13 /Users/dandeluca/Sites/yii-money/framework/web/filters/CFilter.php(41): CFilterChain->run()
#14 /Users/dandeluca/Sites/yii-money/framework/web/CController.php(1146): CAccessControlFilter->filter()
#15 /Users/dandeluca/Sites/yii-money/framework/web/filters/CInlineFilter.php(59): SubCatsController->filterAccessControl()
#16 /Users/dandeluca/Sites/yii-money/framework/web/filters/CFilterChain.php(131): CInlineFilter->filter()
#17 /Users/dandeluca/Sites/yii-money/framework/web/CController.php(292): CFilterChain->run()
#18 /Users/dandeluca/Sites/yii-money/framework/web/CController.php(266): SubCatsController->runActionWithFilters()
#19 /Users/dandeluca/Sites/yii-money/framework/web/CWebApplication.php(276): SubCatsController->run()
#20 /Users/dandeluca/Sites/yii-money/framework/web/CWebApplication.php(135): CWebApplication->runController()
#21 /Users/dandeluca/Sites/yii-money/framework/base/CApplication.php(162): CWebApplication->processRequest()
#22 /Users/dandeluca/Sites/yii-money/htdocs/index.php(13): CWebApplication->run()
REQUEST_URI=/yii-money/htdocs/index.php/subcats/create
in /Users/dandeluca/Sites/yii-money/protected/views/subcats/_form.php (14)
in /Users/dandeluca/Sites/yii-money/protected/views/subcats/create.php (15)
in /Users/dandeluca/Sites/yii-money/protected/controllers/SubcatsController.php (78)
2012/01/29 19:00:17 [error] [php] include(Department.php) [<a href='function.include'>function.include</a>]: failed to open stream: No such file or directory (/Users/dandeluca/Sites/yii-money/framework/YiiBase.php:418)
Stack trace:
#0 /Users/dandeluca/Sites/yii-money/protected/views/subcats/_form.php(14): spl_autoload_call()
#1 /Users/dandeluca/Sites/yii-money/framework/web/CBaseController.php(127): require()
#2 /Users/dandeluca/Sites/yii-money/framework/web/CBaseController.php(96): SubCatsController->renderInternal()
#3 /Users/dandeluca/Sites/yii-money/framework/web/CController.php(870): SubCatsController->renderFile()
#4 /Users/dandeluca/Sites/yii-money/protected/views/subcats/update.php(18): SubCatsController->renderPartial()
#5 /Users/dandeluca/Sites/yii-money/framework/web/CBaseController.php(127): require()
#6 /Users/dandeluca/Sites/yii-money/framework/web/CBaseController.php(96): SubCatsController->renderInternal()
#7 /Users/dandeluca/Sites/yii-money/framework/web/CController.php(870): SubCatsController->renderFile()
#8 /Users/dandeluca/Sites/yii-money/framework/web/CController.php(783): SubCatsController->renderPartial()
#9 /Users/dandeluca/Sites/yii-money/protected/controllers/SubcatsController.php(102): SubCatsController->render()
#10 unknown(0): SubCatsController->actionUpdate()
#11 /Users/dandeluca/Sites/yii-money/framework/web/actions/CAction.php(107): ReflectionMethod->invokeArgs()
#12 /Users/dandeluca/Sites/yii-money/framework/web/actions/CInlineAction.php(48): CInlineAction->runWithParamsInternal()
#13 /Users/dandeluca/Sites/yii-money/framework/web/CController.php(309): CInlineAction->runWithParams()
#14 /Users/dandeluca/Sites/yii-money/framework/web/filters/CFilterChain.php(134): SubCatsController->runAction()
#15 /Users/dandeluca/Sites/yii-money/framework/web/filters/CFilter.php(41): CFilterChain->run()
#16 /Users/dandeluca/Sites/yii-money/framework/web/CController.php(1146): CAccessControlFilter->filter()
#17 /Users/dandeluca/Sites/yii-money/framework/web/filters/CInlineFilter.php(59): SubCatsController->filterAccessControl()
#18 /Users/dandeluca/Sites/yii-money/framework/web/filters/CFilterChain.php(131): CInlineFilter->filter()
#19 /Users/dandeluca/Sites/yii-money/framework/web/CController.php(292): CFilterChain->run()
#20 /Users/dandeluca/Sites/yii-money/framework/web/CController.php(266): SubCatsController->runActionWithFilters()
#21 /Users/dandeluca/Sites/yii-money/framework/web/CWebApplication.php(276): SubCatsController->run()
#22 /Users/dandeluca/Sites/yii-money/framework/web/CWebApplication.php(135): CWebApplication->runController()
#23 /Users/dandeluca/Sites/yii-money/framework/base/CApplication.php(162): CWebApplication->processRequest()
#24 /Users/dandeluca/Sites/yii-money/htdocs/index.php(13): CWebApplication->run()
REQUEST_URI=/yii-money/htdocs/index.php/subcats/update/15
in /Users/dandeluca/Sites/yii-money/protected/views/subcats/_form.php (14)
in /Users/dandeluca/Sites/yii-money/protected/views/subcats/update.php (18)
in /Users/dandeluca/Sites/yii-money/protected/controllers/SubcatsController.php (102)
2012/01/29 19:00:25 [error] [php] include(Department.php) [<a href='function.include'>function.include</a>]: failed to open stream: No such file or directory (/Users/dandeluca/Sites/yii-money/framework/YiiBase.php:418)
Stack trace:
#0 /Users/dandeluca/Sites/yii-money/protected/views/subcats/_form.php(14): spl_autoload_call()
#1 /Users/dandeluca/Sites/yii-money/framework/web/CBaseController.php(127): require()
#2 /Users/dandeluca/Sites/yii-money/framework/web/CBaseController.php(96): SubCatsController->renderInternal()
#3 /Users/dandeluca/Sites/yii-money/framework/web/CController.php(870): SubCatsController->renderFile()
#4 /Users/dandeluca/Sites/yii-money/protected/views/subcats/create.php(15): SubCatsController->renderPartial()
#5 /Users/dandeluca/Sites/yii-money/framework/web/CBaseController.php(127): require()
#6 /Users/dandeluca/Sites/yii-money/framework/web/CBaseController.php(96): SubCatsController->renderInternal()
#7 /Users/dandeluca/Sites/yii-money/framework/web/CController.php(870): SubCatsController->renderFile()
#8 /Users/dandeluca/Sites/yii-money/framework/web/CController.php(783): SubCatsController->renderPartial()
#9 /Users/dandeluca/Sites/yii-money/protected/controllers/SubcatsController.php(78): SubCatsController->render()
#10 /Users/dandeluca/Sites/yii-money/framework/web/actions/CInlineAction.php(50): SubCatsController->actionCreate()
#11 /Users/dandeluca/Sites/yii-money/framework/web/CController.php(309): CInlineAction->runWithParams()
#12 /Users/dandeluca/Sites/yii-money/framework/web/filters/CFilterChain.php(134): SubCatsController->runAction()
#13 /Users/dandeluca/Sites/yii-money/framework/web/filters/CFilter.php(41): CFilterChain->run()
#14 /Users/dandeluca/Sites/yii-money/framework/web/CController.php(1146): CAccessControlFilter->filter()
#15 /Users/dandeluca/Sites/yii-money/framework/web/filters/CInlineFilter.php(59): SubCatsController->filterAccessControl()
#16 /Users/dandeluca/Sites/yii-money/framework/web/filters/CFilterChain.php(131): CInlineFilter->filter()
#17 /Users/dandeluca/Sites/yii-money/framework/web/CController.php(292): CFilterChain->run()
#18 /Users/dandeluca/Sites/yii-money/framework/web/CController.php(266): SubCatsController->runActionWithFilters()
#19 /Users/dandeluca/Sites/yii-money/framework/web/CWebApplication.php(276): SubCatsController->run()
#20 /Users/dandeluca/Sites/yii-money/framework/web/CWebApplication.php(135): CWebApplication->runController()
#21 /Users/dandeluca/Sites/yii-money/framework/base/CApplication.php(162): CWebApplication->processRequest()
#22 /Users/dandeluca/Sites/yii-money/htdocs/index.php(13): CWebApplication->run()
REQUEST_URI=/yii-money/htdocs/index.php/subcats/create
in /Users/dandeluca/Sites/yii-money/protected/views/subcats/_form.php (14)
in /Users/dandeluca/Sites/yii-money/protected/views/subcats/create.php (15)
in /Users/dandeluca/Sites/yii-money/protected/controllers/SubcatsController.php (78)
2012/01/29 19:02:19 [error] [exception.CException] exception 'CException' with message 'Property "Cats.id" is not defined.' in /Users/dandeluca/Sites/yii-money/framework/base/CComponent.php:131
Stack trace:
#0 /Users/dandeluca/Sites/yii-money/framework/db/ar/CActiveRecord.php(144): CComponent->__get('id')
#1 /Users/dandeluca/Sites/yii-money/framework/web/helpers/CHtml.php(1696): CActiveRecord->__get('id')
#2 /Users/dandeluca/Sites/yii-money/framework/web/helpers/CHtml.php(1659): CHtml::value(Object(Cats), 'id')
#3 /Users/dandeluca/Sites/yii-money/protected/views/subcats/_form.php(14): CHtml::listData(Array, 'id', 'CategoryName')
#4 /Users/dandeluca/Sites/yii-money/framework/web/CBaseController.php(127): require('/Users/dandeluc...')
#5 /Users/dandeluca/Sites/yii-money/framework/web/CBaseController.php(96): CBaseController->renderInternal('/Users/dandeluc...', Array, true)
#6 /Users/dandeluca/Sites/yii-money/framework/web/CController.php(870): CBaseController->renderFile('/Users/dandeluc...', Array, true)
#7 /Users/dandeluca/Sites/yii-money/protected/views/subcats/create.php(15): CController->renderPartial('_form', Array)
#8 /Users/dandeluca/Sites/yii-money/framework/web/CBaseController.php(127): require('/Users/dandeluc...')
#9 /Users/dandeluca/Sites/yii-money/framework/web/CBaseController.php(96): CBaseController->renderInternal('/Users/dandeluc...', Array, true)
#10 /Users/dandeluca/Sites/yii-money/framework/web/CController.php(870): CBaseController->renderFile('/Users/dandeluc...', Array, true)
#11 /Users/dandeluca/Sites/yii-money/framework/web/CController.php(783): CController->renderPartial('create', Array, true)
#12 /Users/dandeluca/Sites/yii-money/protected/controllers/SubcatsController.php(78): CController->render('create', Array)
#13 /Users/dandeluca/Sites/yii-money/framework/web/actions/CInlineAction.php(50): SubCatsController->actionCreate()
#14 /Users/dandeluca/Sites/yii-money/framework/web/CController.php(309): CInlineAction->runWithParams(Array)
#15 /Users/dandeluca/Sites/yii-money/framework/web/filters/CFilterChain.php(134): CController->runAction(Object(CInlineAction))
#16 /Users/dandeluca/Sites/yii-money/framework/web/filters/CFilter.php(41): CFilterChain->run()
#17 /Users/dandeluca/Sites/yii-money/framework/web/CController.php(1146): CFilter->filter(Object(CFilterChain))
#18 /Users/dandeluca/Sites/yii-money/framework/web/filters/CInlineFilter.php(59): CController->filterAccessControl(Object(CFilterChain))
#19 /Users/dandeluca/Sites/yii-money/framework/web/filters/CFilterChain.php(131): CInlineFilter->filter(Object(CFilterChain))
#20 /Users/dandeluca/Sites/yii-money/framework/web/CController.php(292): CFilterChain->run()
#21 /Users/dandeluca/Sites/yii-money/framework/web/CController.php(266): CController->runActionWithFilters(Object(CInlineAction), Array)
#22 /Users/dandeluca/Sites/yii-money/framework/web/CWebApplication.php(276): CController->run('create')
#23 /Users/dandeluca/Sites/yii-money/framework/web/CWebApplication.php(135): CWebApplication->runController('subcats/create')
#24 /Users/dandeluca/Sites/yii-money/framework/base/CApplication.php(162): CWebApplication->processRequest()
#25 /Users/dandeluca/Sites/yii-money/htdocs/index.php(13): CApplication->run()
#26 {main}
REQUEST_URI=/yii-money/htdocs/index.php/subcats/create
HTTP_REFERER=http://localhost/yii-money/htdocs/index.php/subcats/admin
---
2012/01/29 19:36:35 [error] [exception.CException] exception 'CException' with message 'Property "SubCats.CategoryName" is not defined.' in /Users/dandeluca/Sites/yii-money/framework/base/CComponent.php:131
Stack trace:
#0 /Users/dandeluca/Sites/yii-money/framework/db/ar/CActiveRecord.php(144): CComponent->__get('CategoryName')
#1 /Users/dandeluca/Sites/yii-money/protected/views/subcats/_view.php(4): CActiveRecord->__get('CategoryName')
#2 /Users/dandeluca/Sites/yii-money/framework/web/CBaseController.php(127): require('/Users/dandeluc...')
#3 /Users/dandeluca/Sites/yii-money/framework/web/CBaseController.php(96): CBaseController->renderInternal('/Users/dandeluc...', Array, true)
#4 /Users/dandeluca/Sites/yii-money/framework/web/CController.php(870): CBaseController->renderFile('/Users/dandeluc...', Array, true)
#5 /Users/dandeluca/Sites/yii-money/framework/zii/widgets/CListView.php(242): CController->renderPartial('_view', Array)
#6 /Users/dandeluca/Sites/yii-money/framework/zii/widgets/CBaseListView.php(158): CListView->renderItems()
#7 [internal function]: CBaseListView->renderSection(Array)
#8 /Users/dandeluca/Sites/yii-money/framework/zii/widgets/CBaseListView.php(141): preg_replace_callback('/{(\w+)}/', Array, '{summary}?{sort...')
#9 /Users/dandeluca/Sites/yii-money/framework/zii/widgets/CBaseListView.php(126): CBaseListView->renderContent()
#10 /Users/dandeluca/Sites/yii-money/framework/web/CBaseController.php(174): CBaseListView->run()
#11 /Users/dandeluca/Sites/yii-money/protected/views/subcats/index.php(17): CBaseController->widget('zii.widgets.CLi...', Array)
#12 /Users/dandeluca/Sites/yii-money/framework/web/CBaseController.php(127): require('/Users/dandeluc...')
#13 /Users/dandeluca/Sites/yii-money/framework/web/CBaseController.php(96): CBaseController->renderInternal('/Users/dandeluc...', Array, true)
#14 /Users/dandeluca/Sites/yii-money/framework/web/CController.php(870): CBaseController->renderFile('/Users/dandeluc...', Array, true)
#15 /Users/dandeluca/Sites/yii-money/framework/web/CController.php(783): CController->renderPartial('index', Array, true)
#16 /Users/dandeluca/Sites/yii-money/protected/controllers/SubcatsController.php(133): CController->render('index', Array)
#17 /Users/dandeluca/Sites/yii-money/framework/web/actions/CInlineAction.php(50): SubCatsController->actionIndex()
#18 /Users/dandeluca/Sites/yii-money/framework/web/CController.php(309): CInlineAction->runWithParams(Array)
#19 /Users/dandeluca/Sites/yii-money/framework/web/filters/CFilterChain.php(134): CController->runAction(Object(CInlineAction))
#20 /Users/dandeluca/Sites/yii-money/framework/web/filters/CFilter.php(41): CFilterChain->run()
#21 /Users/dandeluca/Sites/yii-money/framework/web/CController.php(1146): CFilter->filter(Object(CFilterChain))
#22 /Users/dandeluca/Sites/yii-money/framework/web/filters/CInlineFilter.php(59): CController->filterAccessControl(Object(CFilterChain))
#23 /Users/dandeluca/Sites/yii-money/framework/web/filters/CFilterChain.php(131): CInlineFilter->filter(Object(CFilterChain))
#24 /Users/dandeluca/Sites/yii-money/framework/web/CController.php(292): CFilterChain->run()
#25 /Users/dandeluca/Sites/yii-money/framework/web/CController.php(266): CController->runActionWithFilters(Object(CInlineAction), Array)
#26 /Users/dandeluca/Sites/yii-money/framework/web/CWebApplication.php(276): CController->run('index')
#27 /Users/dandeluca/Sites/yii-money/framework/web/CWebApplication.php(135): CWebApplication->runController('subcats/index')
#28 /Users/dandeluca/Sites/yii-money/framework/base/CApplication.php(162): CWebApplication->processRequest()
#29 /Users/dandeluca/Sites/yii-money/htdocs/index.php(13): CApplication->run()
#30 {main}
REQUEST_URI=/yii-money/htdocs/index.php/subcats/index
HTTP_REFERER=http://localhost/yii-money/htdocs/index.php/subcats/2147483647
---
2012/01/29 19:36:53 [error] [exception.CException] exception 'CException' with message 'Property "SubCats.CategoryName" is not defined.' in /Users/dandeluca/Sites/yii-money/framework/base/CComponent.php:131
Stack trace:
#0 /Users/dandeluca/Sites/yii-money/framework/db/ar/CActiveRecord.php(144): CComponent->__get('CategoryName')
#1 /Users/dandeluca/Sites/yii-money/protected/views/subcats/_view.php(4): CActiveRecord->__get('CategoryName')
#2 /Users/dandeluca/Sites/yii-money/framework/web/CBaseController.php(127): require('/Users/dandeluc...')
#3 /Users/dandeluca/Sites/yii-money/framework/web/CBaseController.php(96): CBaseController->renderInternal('/Users/dandeluc...', Array, true)
#4 /Users/dandeluca/Sites/yii-money/framework/web/CController.php(870): CBaseController->renderFile('/Users/dandeluc...', Array, true)
#5 /Users/dandeluca/Sites/yii-money/framework/zii/widgets/CListView.php(242): CController->renderPartial('_view', Array)
#6 /Users/dandeluca/Sites/yii-money/framework/zii/widgets/CBaseListView.php(158): CListView->renderItems()
#7 [internal function]: CBaseListView->renderSection(Array)
#8 /Users/dandeluca/Sites/yii-money/framework/zii/widgets/CBaseListView.php(141): preg_replace_callback('/{(\w+)}/', Array, '{summary}?{sort...')
#9 /Users/dandeluca/Sites/yii-money/framework/zii/widgets/CBaseListView.php(126): CBaseListView->renderContent()
#10 /Users/dandeluca/Sites/yii-money/framework/web/CBaseController.php(174): CBaseListView->run()
#11 /Users/dandeluca/Sites/yii-money/protected/views/subcats/index.php(17): CBaseController->widget('zii.widgets.CLi...', Array)
#12 /Users/dandeluca/Sites/yii-money/framework/web/CBaseController.php(127): require('/Users/dandeluc...')
#13 /Users/dandeluca/Sites/yii-money/framework/web/CBaseController.php(96): CBaseController->renderInternal('/Users/dandeluc...', Array, true)
#14 /Users/dandeluca/Sites/yii-money/framework/web/CController.php(870): CBaseController->renderFile('/Users/dandeluc...', Array, true)
#15 /Users/dandeluca/Sites/yii-money/framework/web/CController.php(783): CController->renderPartial('index', Array, true)
#16 /Users/dandeluca/Sites/yii-money/protected/controllers/SubcatsController.php(133): CController->render('index', Array)
#17 /Users/dandeluca/Sites/yii-money/framework/web/actions/CInlineAction.php(50): SubCatsController->actionIndex()
#18 /Users/dandeluca/Sites/yii-money/framework/web/CController.php(309): CInlineAction->runWithParams(Array)
#19 /Users/dandeluca/Sites/yii-money/framework/web/filters/CFilterChain.php(134): CController->runAction(Object(CInlineAction))
#20 /Users/dandeluca/Sites/yii-money/framework/web/filters/CFilter.php(41): CFilterChain->run()
#21 /Users/dandeluca/Sites/yii-money/framework/web/CController.php(1146): CFilter->filter(Object(CFilterChain))
#22 /Users/dandeluca/Sites/yii-money/framework/web/filters/CInlineFilter.php(59): CController->filterAccessControl(Object(CFilterChain))
#23 /Users/dandeluca/Sites/yii-money/framework/web/filters/CFilterChain.php(131): CInlineFilter->filter(Object(CFilterChain))
#24 /Users/dandeluca/Sites/yii-money/framework/web/CController.php(292): CFilterChain->run()
#25 /Users/dandeluca/Sites/yii-money/framework/web/CController.php(266): CController->runActionWithFilters(Object(CInlineAction), Array)
#26 /Users/dandeluca/Sites/yii-money/framework/web/CWebApplication.php(276): CController->run('index')
#27 /Users/dandeluca/Sites/yii-money/framework/web/CWebApplication.php(135): CWebApplication->runController('subcats/index')
#28 /Users/dandeluca/Sites/yii-money/framework/base/CApplication.php(162): CWebApplication->processRequest()
#29 /Users/dandeluca/Sites/yii-money/htdocs/index.php(13): CApplication->run()
#30 {main}
REQUEST_URI=/yii-money/htdocs/index.php/subcats/index
HTTP_REFERER=http://localhost/yii-money/htdocs/index.php/subcats/2147483647
---
2012/01/29 19:36:54 [error] [exception.CException] exception 'CException' with message 'Property "SubCats.CategoryName" is not defined.' in /Users/dandeluca/Sites/yii-money/framework/base/CComponent.php:131
Stack trace:
#0 /Users/dandeluca/Sites/yii-money/framework/db/ar/CActiveRecord.php(144): CComponent->__get('CategoryName')
#1 /Users/dandeluca/Sites/yii-money/protected/views/subcats/_view.php(4): CActiveRecord->__get('CategoryName')
#2 /Users/dandeluca/Sites/yii-money/framework/web/CBaseController.php(127): require('/Users/dandeluc...')
#3 /Users/dandeluca/Sites/yii-money/framework/web/CBaseController.php(96): CBaseController->renderInternal('/Users/dandeluc...', Array, true)
#4 /Users/dandeluca/Sites/yii-money/framework/web/CController.php(870): CBaseController->renderFile('/Users/dandeluc...', Array, true)
#5 /Users/dandeluca/Sites/yii-money/framework/zii/widgets/CListView.php(242): CController->renderPartial('_view', Array)
#6 /Users/dandeluca/Sites/yii-money/framework/zii/widgets/CBaseListView.php(158): CListView->renderItems()
#7 [internal function]: CBaseListView->renderSection(Array)
#8 /Users/dandeluca/Sites/yii-money/framework/zii/widgets/CBaseListView.php(141): preg_replace_callback('/{(\w+)}/', Array, '{summary}?{sort...')
#9 /Users/dandeluca/Sites/yii-money/framework/zii/widgets/CBaseListView.php(126): CBaseListView->renderContent()
#10 /Users/dandeluca/Sites/yii-money/framework/web/CBaseController.php(174): CBaseListView->run()
#11 /Users/dandeluca/Sites/yii-money/protected/views/subcats/index.php(17): CBaseController->widget('zii.widgets.CLi...', Array)
#12 /Users/dandeluca/Sites/yii-money/framework/web/CBaseController.php(127): require('/Users/dandeluc...')
#13 /Users/dandeluca/Sites/yii-money/framework/web/CBaseController.php(96): CBaseController->renderInternal('/Users/dandeluc...', Array, true)
#14 /Users/dandeluca/Sites/yii-money/framework/web/CController.php(870): CBaseController->renderFile('/Users/dandeluc...', Array, true)
#15 /Users/dandeluca/Sites/yii-money/framework/web/CController.php(783): CController->renderPartial('index', Array, true)
#16 /Users/dandeluca/Sites/yii-money/protected/controllers/SubcatsController.php(133): CController->render('index', Array)
#17 /Users/dandeluca/Sites/yii-money/framework/web/actions/CInlineAction.php(50): SubCatsController->actionIndex()
#18 /Users/dandeluca/Sites/yii-money/framework/web/CController.php(309): CInlineAction->runWithParams(Array)
#19 /Users/dandeluca/Sites/yii-money/framework/web/filters/CFilterChain.php(134): CController->runAction(Object(CInlineAction))
#20 /Users/dandeluca/Sites/yii-money/framework/web/filters/CFilter.php(41): CFilterChain->run()
#21 /Users/dandeluca/Sites/yii-money/framework/web/CController.php(1146): CFilter->filter(Object(CFilterChain))
#22 /Users/dandeluca/Sites/yii-money/framework/web/filters/CInlineFilter.php(59): CController->filterAccessControl(Object(CFilterChain))
#23 /Users/dandeluca/Sites/yii-money/framework/web/filters/CFilterChain.php(131): CInlineFilter->filter(Object(CFilterChain))
#24 /Users/dandeluca/Sites/yii-money/framework/web/CController.php(292): CFilterChain->run()
#25 /Users/dandeluca/Sites/yii-money/framework/web/CController.php(266): CController->runActionWithFilters(Object(CInlineAction), Array)
#26 /Users/dandeluca/Sites/yii-money/framework/web/CWebApplication.php(276): CController->run('index')
#27 /Users/dandeluca/Sites/yii-money/framework/web/CWebApplication.php(135): CWebApplication->runController('subcats/index')
#28 /Users/dandeluca/Sites/yii-money/framework/base/CApplication.php(162): CWebApplication->processRequest()
#29 /Users/dandeluca/Sites/yii-money/htdocs/index.php(13): CApplication->run()
#30 {main}
REQUEST_URI=/yii-money/htdocs/index.php/subcats/index
HTTP_REFERER=http://localhost/yii-money/htdocs/index.php/subcats/2147483647
---
2012/01/29 20:28:50 [error] [system.db.CDbCommand] CDbCommand::execute() failed: SQLSTATE[23000]: Integrity constraint violation: 1062 Duplicate entry '2147483647' for key 'PRIMARY'. The SQL statement executed was: INSERT INTO `Cats` (`CategoryName`, `CatType`) VALUES (:yp0, :yp1).
in /Users/dandeluca/Sites/yii-money/protected/controllers/CatsController.php (72)
in /Users/dandeluca/Sites/yii-money/htdocs/index.php (13)
2012/01/29 20:28:50 [error] [exception.CDbException] exception 'CDbException' with message 'CDbCommand failed to execute the SQL statement: SQLSTATE[23000]: Integrity constraint violation: 1062 Duplicate entry '2147483647' for key 'PRIMARY'. The SQL statement executed was: INSERT INTO `Cats` (`CategoryName`, `CatType`) VALUES (:yp0, :yp1)' in /Users/dandeluca/Sites/yii-money/framework/db/CDbCommand.php:354
Stack trace:
#0 /Users/dandeluca/Sites/yii-money/framework/db/ar/CActiveRecord.php(1014): CDbCommand->execute()
#1 /Users/dandeluca/Sites/yii-money/framework/db/ar/CActiveRecord.php(787): CActiveRecord->insert(NULL)
#2 /Users/dandeluca/Sites/yii-money/protected/controllers/CatsController.php(72): CActiveRecord->save()
#3 /Users/dandeluca/Sites/yii-money/framework/web/actions/CInlineAction.php(50): CatsController->actionCreate()
#4 /Users/dandeluca/Sites/yii-money/framework/web/CController.php(309): CInlineAction->runWithParams(Array)
#5 /Users/dandeluca/Sites/yii-money/framework/web/filters/CFilterChain.php(134): CController->runAction(Object(CInlineAction))
#6 /Users/dandeluca/Sites/yii-money/framework/web/filters/CFilter.php(41): CFilterChain->run()
#7 /Users/dandeluca/Sites/yii-money/framework/web/CController.php(1146): CFilter->filter(Object(CFilterChain))
#8 /Users/dandeluca/Sites/yii-money/framework/web/filters/CInlineFilter.php(59): CController->filterAccessControl(Object(CFilterChain))
#9 /Users/dandeluca/Sites/yii-money/framework/web/filters/CFilterChain.php(131): CInlineFilter->filter(Object(CFilterChain))
#10 /Users/dandeluca/Sites/yii-money/framework/web/CController.php(292): CFilterChain->run()
#11 /Users/dandeluca/Sites/yii-money/framework/web/CController.php(266): CController->runActionWithFilters(Object(CInlineAction), Array)
#12 /Users/dandeluca/Sites/yii-money/framework/web/CWebApplication.php(276): CController->run('create')
#13 /Users/dandeluca/Sites/yii-money/framework/web/CWebApplication.php(135): CWebApplication->runController('cats/create')
#14 /Users/dandeluca/Sites/yii-money/framework/base/CApplication.php(162): CWebApplication->processRequest()
#15 /Users/dandeluca/Sites/yii-money/htdocs/index.php(13): CApplication->run()
#16 {main}
REQUEST_URI=/yii-money/htdocs/index.php/cats/create
HTTP_REFERER=http://localhost/yii-money/htdocs/index.php/cats/create
---
2012/01/29 20:53:03 [error] [system.db.CDbCommand] CDbCommand::execute() failed: SQLSTATE[HY000]: General error: 1467 Failed to read auto-increment value from storage engine. The SQL statement executed was: INSERT INTO `Cats` (`CategoryName`, `CatType`) VALUES (:yp0, :yp1).
in /Users/dandeluca/Sites/yii-money/protected/controllers/CatsController.php (72)
in /Users/dandeluca/Sites/yii-money/htdocs/index.php (13)
2012/01/29 20:53:03 [error] [exception.CDbException] exception 'CDbException' with message 'CDbCommand failed to execute the SQL statement: SQLSTATE[HY000]: General error: 1467 Failed to read auto-increment value from storage engine. The SQL statement executed was: INSERT INTO `Cats` (`CategoryName`, `CatType`) VALUES (:yp0, :yp1)' in /Users/dandeluca/Sites/yii-money/framework/db/CDbCommand.php:354
Stack trace:
#0 /Users/dandeluca/Sites/yii-money/framework/db/ar/CActiveRecord.php(1014): CDbCommand->execute()
#1 /Users/dandeluca/Sites/yii-money/framework/db/ar/CActiveRecord.php(787): CActiveRecord->insert(NULL)
#2 /Users/dandeluca/Sites/yii-money/protected/controllers/CatsController.php(72): CActiveRecord->save()
#3 /Users/dandeluca/Sites/yii-money/framework/web/actions/CInlineAction.php(50): CatsController->actionCreate()
#4 /Users/dandeluca/Sites/yii-money/framework/web/CController.php(309): CInlineAction->runWithParams(Array)
#5 /Users/dandeluca/Sites/yii-money/framework/web/filters/CFilterChain.php(134): CController->runAction(Object(CInlineAction))
#6 /Users/dandeluca/Sites/yii-money/framework/web/filters/CFilter.php(41): CFilterChain->run()
#7 /Users/dandeluca/Sites/yii-money/framework/web/CController.php(1146): CFilter->filter(Object(CFilterChain))
#8 /Users/dandeluca/Sites/yii-money/framework/web/filters/CInlineFilter.php(59): CController->filterAccessControl(Object(CFilterChain))
#9 /Users/dandeluca/Sites/yii-money/framework/web/filters/CFilterChain.php(131): CInlineFilter->filter(Object(CFilterChain))
#10 /Users/dandeluca/Sites/yii-money/framework/web/CController.php(292): CFilterChain->run()
#11 /Users/dandeluca/Sites/yii-money/framework/web/CController.php(266): CController->runActionWithFilters(Object(CInlineAction), Array)
#12 /Users/dandeluca/Sites/yii-money/framework/web/CWebApplication.php(276): CController->run('create')
#13 /Users/dandeluca/Sites/yii-money/framework/web/CWebApplication.php(135): CWebApplication->runController('cats/create')
#14 /Users/dandeluca/Sites/yii-money/framework/base/CApplication.php(162): CWebApplication->processRequest()
#15 /Users/dandeluca/Sites/yii-money/htdocs/index.php(13): CApplication->run()
#16 {main}
REQUEST_URI=/yii-money/htdocs/index.php/cats/create
HTTP_REFERER=http://localhost/yii-money/htdocs/index.php/cats/create
---
2012/01/29 20:54:13 [error] [system.db.CDbCommand] CDbCommand::execute() failed: SQLSTATE[HY000]: General error: 1467 Failed to read auto-increment value from storage engine. The SQL statement executed was: INSERT INTO `Cats` (`CategoryName`, `CatType`) VALUES (:yp0, :yp1).
in /Users/dandeluca/Sites/yii-money/protected/controllers/CatsController.php (72)
in /Users/dandeluca/Sites/yii-money/htdocs/index.php (13)
2012/01/29 20:54:13 [error] [exception.CDbException] exception 'CDbException' with message 'CDbCommand failed to execute the SQL statement: SQLSTATE[HY000]: General error: 1467 Failed to read auto-increment value from storage engine. The SQL statement executed was: INSERT INTO `Cats` (`CategoryName`, `CatType`) VALUES (:yp0, :yp1)' in /Users/dandeluca/Sites/yii-money/framework/db/CDbCommand.php:354
Stack trace:
#0 /Users/dandeluca/Sites/yii-money/framework/db/ar/CActiveRecord.php(1014): CDbCommand->execute()
#1 /Users/dandeluca/Sites/yii-money/framework/db/ar/CActiveRecord.php(787): CActiveRecord->insert(NULL)
#2 /Users/dandeluca/Sites/yii-money/protected/controllers/CatsController.php(72): CActiveRecord->save()
#3 /Users/dandeluca/Sites/yii-money/framework/web/actions/CInlineAction.php(50): CatsController->actionCreate()
#4 /Users/dandeluca/Sites/yii-money/framework/web/CController.php(309): CInlineAction->runWithParams(Array)
#5 /Users/dandeluca/Sites/yii-money/framework/web/filters/CFilterChain.php(134): CController->runAction(Object(CInlineAction))
#6 /Users/dandeluca/Sites/yii-money/framework/web/filters/CFilter.php(41): CFilterChain->run()
#7 /Users/dandeluca/Sites/yii-money/framework/web/CController.php(1146): CFilter->filter(Object(CFilterChain))
#8 /Users/dandeluca/Sites/yii-money/framework/web/filters/CInlineFilter.php(59): CController->filterAccessControl(Object(CFilterChain))
#9 /Users/dandeluca/Sites/yii-money/framework/web/filters/CFilterChain.php(131): CInlineFilter->filter(Object(CFilterChain))
#10 /Users/dandeluca/Sites/yii-money/framework/web/CController.php(292): CFilterChain->run()
#11 /Users/dandeluca/Sites/yii-money/framework/web/CController.php(266): CController->runActionWithFilters(Object(CInlineAction), Array)
#12 /Users/dandeluca/Sites/yii-money/framework/web/CWebApplication.php(276): CController->run('create')
#13 /Users/dandeluca/Sites/yii-money/framework/web/CWebApplication.php(135): CWebApplication->runController('cats/create')
#14 /Users/dandeluca/Sites/yii-money/framework/base/CApplication.php(162): CWebApplication->processRequest()
#15 /Users/dandeluca/Sites/yii-money/htdocs/index.php(13): CApplication->run()
#16 {main}
REQUEST_URI=/yii-money/htdocs/index.php/cats/create
HTTP_REFERER=http://localhost/yii-money/htdocs/index.php/cats/create
---
2012/01/29 20:54:19 [error] [system.db.CDbCommand] CDbCommand::execute() failed: SQLSTATE[HY000]: General error: 1467 Failed to read auto-increment value from storage engine. The SQL statement executed was: INSERT INTO `Cats` (`CategoryName`, `CatType`) VALUES (:yp0, :yp1).
in /Users/dandeluca/Sites/yii-money/protected/controllers/CatsController.php (72)
in /Users/dandeluca/Sites/yii-money/htdocs/index.php (13)
2012/01/29 20:54:19 [error] [exception.CDbException] exception 'CDbException' with message 'CDbCommand failed to execute the SQL statement: SQLSTATE[HY000]: General error: 1467 Failed to read auto-increment value from storage engine. The SQL statement executed was: INSERT INTO `Cats` (`CategoryName`, `CatType`) VALUES (:yp0, :yp1)' in /Users/dandeluca/Sites/yii-money/framework/db/CDbCommand.php:354
Stack trace:
#0 /Users/dandeluca/Sites/yii-money/framework/db/ar/CActiveRecord.php(1014): CDbCommand->execute()
#1 /Users/dandeluca/Sites/yii-money/framework/db/ar/CActiveRecord.php(787): CActiveRecord->insert(NULL)
#2 /Users/dandeluca/Sites/yii-money/protected/controllers/CatsController.php(72): CActiveRecord->save()
#3 /Users/dandeluca/Sites/yii-money/framework/web/actions/CInlineAction.php(50): CatsController->actionCreate()
#4 /Users/dandeluca/Sites/yii-money/framework/web/CController.php(309): CInlineAction->runWithParams(Array)
#5 /Users/dandeluca/Sites/yii-money/framework/web/filters/CFilterChain.php(134): CController->runAction(Object(CInlineAction))
#6 /Users/dandeluca/Sites/yii-money/framework/web/filters/CFilter.php(41): CFilterChain->run()
#7 /Users/dandeluca/Sites/yii-money/framework/web/CController.php(1146): CFilter->filter(Object(CFilterChain))
#8 /Users/dandeluca/Sites/yii-money/framework/web/filters/CInlineFilter.php(59): CController->filterAccessControl(Object(CFilterChain))
#9 /Users/dandeluca/Sites/yii-money/framework/web/filters/CFilterChain.php(131): CInlineFilter->filter(Object(CFilterChain))
#10 /Users/dandeluca/Sites/yii-money/framework/web/CController.php(292): CFilterChain->run()
#11 /Users/dandeluca/Sites/yii-money/framework/web/CController.php(266): CController->runActionWithFilters(Object(CInlineAction), Array)
#12 /Users/dandeluca/Sites/yii-money/framework/web/CWebApplication.php(276): CController->run('create')
#13 /Users/dandeluca/Sites/yii-money/framework/web/CWebApplication.php(135): CWebApplication->runController('cats/create')
#14 /Users/dandeluca/Sites/yii-money/framework/base/CApplication.php(162): CWebApplication->processRequest()
#15 /Users/dandeluca/Sites/yii-money/htdocs/index.php(13): CApplication->run()
#16 {main}
REQUEST_URI=/yii-money/htdocs/index.php/cats/create
HTTP_REFERER=http://localhost/yii-money/htdocs/index.php/cats/create
---
2012/01/29 20:56:53 [error] [system.db.CDbCommand] CDbCommand::execute() failed: SQLSTATE[HY000]: General error: 1467 Failed to read auto-increment value from storage engine. The SQL statement executed was: INSERT INTO `Cats` (`CategoryName`, `CatType`) VALUES (:yp0, :yp1).
in /Users/dandeluca/Sites/yii-money/protected/controllers/CatsController.php (72)
in /Users/dandeluca/Sites/yii-money/htdocs/index.php (13)
2012/01/29 20:56:53 [error] [exception.CDbException] exception 'CDbException' with message 'CDbCommand failed to execute the SQL statement: SQLSTATE[HY000]: General error: 1467 Failed to read auto-increment value from storage engine. The SQL statement executed was: INSERT INTO `Cats` (`CategoryName`, `CatType`) VALUES (:yp0, :yp1)' in /Users/dandeluca/Sites/yii-money/framework/db/CDbCommand.php:354
Stack trace:
#0 /Users/dandeluca/Sites/yii-money/framework/db/ar/CActiveRecord.php(1014): CDbCommand->execute()
#1 /Users/dandeluca/Sites/yii-money/framework/db/ar/CActiveRecord.php(787): CActiveRecord->insert(NULL)
#2 /Users/dandeluca/Sites/yii-money/protected/controllers/CatsController.php(72): CActiveRecord->save()
#3 /Users/dandeluca/Sites/yii-money/framework/web/actions/CInlineAction.php(50): CatsController->actionCreate()
#4 /Users/dandeluca/Sites/yii-money/framework/web/CController.php(309): CInlineAction->runWithParams(Array)
#5 /Users/dandeluca/Sites/yii-money/framework/web/filters/CFilterChain.php(134): CController->runAction(Object(CInlineAction))
#6 /Users/dandeluca/Sites/yii-money/framework/web/filters/CFilter.php(41): CFilterChain->run()
#7 /Users/dandeluca/Sites/yii-money/framework/web/CController.php(1146): CFilter->filter(Object(CFilterChain))
#8 /Users/dandeluca/Sites/yii-money/framework/web/filters/CInlineFilter.php(59): CController->filterAccessControl(Object(CFilterChain))
#9 /Users/dandeluca/Sites/yii-money/framework/web/filters/CFilterChain.php(131): CInlineFilter->filter(Object(CFilterChain))
#10 /Users/dandeluca/Sites/yii-money/framework/web/CController.php(292): CFilterChain->run()
#11 /Users/dandeluca/Sites/yii-money/framework/web/CController.php(266): CController->runActionWithFilters(Object(CInlineAction), Array)
#12 /Users/dandeluca/Sites/yii-money/framework/web/CWebApplication.php(276): CController->run('create')
#13 /Users/dandeluca/Sites/yii-money/framework/web/CWebApplication.php(135): CWebApplication->runController('cats/create')
#14 /Users/dandeluca/Sites/yii-money/framework/base/CApplication.php(162): CWebApplication->processRequest()
#15 /Users/dandeluca/Sites/yii-money/htdocs/index.php(13): CApplication->run()
#16 {main}
REQUEST_URI=/yii-money/htdocs/index.php/cats/create
HTTP_REFERER=http://localhost/yii-money/htdocs/index.php/cats/create
---
2012/01/29 21:13:33 [error] [exception.CHttpException.404] exception 'CHttpException' with message 'Unable to resolve the request "index.php/payees/admin".' in /Users/dandeluca/Sites/yii-money/framework/web/CWebApplication.php:280
Stack trace:
#0 /Users/dandeluca/Sites/yii-money/framework/web/CWebApplication.php(135): CWebApplication->runController('index.php/payee...')
#1 /Users/dandeluca/Sites/yii-money/framework/base/CApplication.php(162): CWebApplication->processRequest()
#2 /Users/dandeluca/Sites/yii-money/htdocs/index.php(13): CApplication->run()
#3 {main}
REQUEST_URI=/yii-money/htdocs/index.php/index.php/payees/admin
HTTP_REFERER=http://localhost/yii-money/htdocs/index.php/transactions/admin
---
2012/01/29 21:13:35 [error] [exception.CHttpException.404] exception 'CHttpException' with message 'Unable to resolve the request "index.php/cats/admin".' in /Users/dandeluca/Sites/yii-money/framework/web/CWebApplication.php:280
Stack trace:
#0 /Users/dandeluca/Sites/yii-money/framework/web/CWebApplication.php(135): CWebApplication->runController('index.php/cats/...')
#1 /Users/dandeluca/Sites/yii-money/framework/base/CApplication.php(162): CWebApplication->processRequest()
#2 /Users/dandeluca/Sites/yii-money/htdocs/index.php(13): CApplication->run()
#3 {main}
REQUEST_URI=/yii-money/htdocs/index.php/index.php/cats/admin
HTTP_REFERER=http://localhost/yii-money/htdocs/index.php/index.php/payees/admin
---
2012/01/29 21:13:39 [error] [exception.CHttpException.404] exception 'CHttpException' with message 'Unable to resolve the request "index.php/cats".' in /Users/dandeluca/Sites/yii-money/framework/web/CWebApplication.php:280
Stack trace:
#0 /Users/dandeluca/Sites/yii-money/framework/web/CWebApplication.php(135): CWebApplication->runController('index.php/cats')
#1 /Users/dandeluca/Sites/yii-money/framework/base/CApplication.php(162): CWebApplication->processRequest()
#2 /Users/dandeluca/Sites/yii-money/htdocs/index.php(13): CApplication->run()
#3 {main}
REQUEST_URI=/yii-money/htdocs/index.php/index.php/cats/
---
2012/01/29 21:13:51 [error] [exception.CHttpException.404] exception 'CHttpException' with message 'Unable to resolve the request "index.php/payees/admin".' in /Users/dandeluca/Sites/yii-money/framework/web/CWebApplication.php:280
Stack trace:
#0 /Users/dandeluca/Sites/yii-money/framework/web/CWebApplication.php(135): CWebApplication->runController('index.php/payee...')
#1 /Users/dandeluca/Sites/yii-money/framework/base/CApplication.php(162): CWebApplication->processRequest()
#2 /Users/dandeluca/Sites/yii-money/htdocs/index.php(13): CApplication->run()
#3 {main}
REQUEST_URI=/yii-money/htdocs/index.php/index.php/payees/admin
HTTP_REFERER=http://localhost/yii-money/htdocs/index.php/index.php/cats/
---
2012/01/29 21:14:10 [error] [exception.CHttpException.404] exception 'CHttpException' with message 'Unable to resolve the request "index/payees/admin".' in /Users/dandeluca/Sites/yii-money/framework/web/CWebApplication.php:280
Stack trace:
#0 /Users/dandeluca/Sites/yii-money/framework/web/CWebApplication.php(135): CWebApplication->runController('index/payees/ad...')
#1 /Users/dandeluca/Sites/yii-money/framework/base/CApplication.php(162): CWebApplication->processRequest()
#2 /Users/dandeluca/Sites/yii-money/htdocs/index.php(13): CApplication->run()
#3 {main}
REQUEST_URI=/yii-money/htdocs/index/payees/admin
---
2012/01/29 21:15:49 [error] [exception.CHttpException.404] exception 'CHttpException' with message 'Unable to resolve the request "accounts/admin".' in /Users/dandeluca/Sites/yii-money/framework/web/CWebApplication.php:280
Stack trace:
#0 /Users/dandeluca/Sites/yii-money/framework/web/CWebApplication.php(135): CWebApplication->runController('accounts/admin')
#1 /Users/dandeluca/Sites/yii-money/framework/base/CApplication.php(162): CWebApplication->processRequest()
#2 /Users/dandeluca/Sites/yii-money/htdocs/index.php(13): CApplication->run()
#3 {main}
REQUEST_URI=/yii-money/htdocs/index.php/accounts/admin
HTTP_REFERER=http://localhost/yii-money/htdocs/index.php/subcats/admin
---
2012/01/29 21:17:03 [error] [exception.CHttpException.404] exception 'CHttpException' with message 'Unable to resolve the request "accounts/admin".' in /Users/dandeluca/Sites/yii-money/framework/web/CWebApplication.php:280
Stack trace:
#0 /Users/dandeluca/Sites/yii-money/framework/web/CWebApplication.php(135): CWebApplication->runController('accounts/admin')
#1 /Users/dandeluca/Sites/yii-money/framework/base/CApplication.php(162): CWebApplication->processRequest()
#2 /Users/dandeluca/Sites/yii-money/htdocs/index.php(13): CApplication->run()
#3 {main}
REQUEST_URI=/yii-money/htdocs/index.php/accounts/admin
HTTP_REFERER=http://localhost/yii-money/htdocs/index.php/subcats/admin
---
2012/01/30 00:02:14 [error] [exception.CException] exception 'CException' with message 'Alias "zii.widgets.CGridView" is invalid. Make sure it points to an existing PHP file.' in /Users/dandeluca/Sites/yii-money/framework/YiiBase.php:318
Stack trace:
#0 /Users/dandeluca/Sites/yii-money/framework/web/CWidgetFactory.php(147): YiiBase::import('zii.widgets.CGr...', true)
#1 /Users/dandeluca/Sites/yii-money/framework/web/CBaseController.php(147): CWidgetFactory->createWidget(Object(SubCatsController), 'zii.widgets.CGr...', Array)
#2 /Users/dandeluca/Sites/yii-money/framework/web/CBaseController.php(173): CBaseController->createWidget('zii.widgets.CGr...', Array)
#3 /Users/dandeluca/Sites/yii-money/protected/views/subcats/index.php(17): CBaseController->widget('zii.widgets.CGr...', Array)
#4 /Users/dandeluca/Sites/yii-money/framework/web/CBaseController.php(127): require('/Users/dandeluc...')
#5 /Users/dandeluca/Sites/yii-money/framework/web/CBaseController.php(96): CBaseController->renderInternal('/Users/dandeluc...', Array, true)
#6 /Users/dandeluca/Sites/yii-money/framework/web/CController.php(870): CBaseController->renderFile('/Users/dandeluc...', Array, true)
#7 /Users/dandeluca/Sites/yii-money/framework/web/CController.php(783): CController->renderPartial('index', Array, true)
#8 /Users/dandeluca/Sites/yii-money/protected/controllers/SubcatsController.php(133): CController->render('index', Array)
#9 /Users/dandeluca/Sites/yii-money/framework/web/actions/CInlineAction.php(50): SubCatsController->actionIndex()
#10 /Users/dandeluca/Sites/yii-money/framework/web/CController.php(309): CInlineAction->runWithParams(Array)
#11 /Users/dandeluca/Sites/yii-money/framework/web/filters/CFilterChain.php(134): CController->runAction(Object(CInlineAction))
#12 /Users/dandeluca/Sites/yii-money/framework/web/filters/CFilter.php(41): CFilterChain->run()
#13 /Users/dandeluca/Sites/yii-money/framework/web/CController.php(1146): CFilter->filter(Object(CFilterChain))
#14 /Users/dandeluca/Sites/yii-money/framework/web/filters/CInlineFilter.php(59): CController->filterAccessControl(Object(CFilterChain))
#15 /Users/dandeluca/Sites/yii-money/framework/web/filters/CFilterChain.php(131): CInlineFilter->filter(Object(CFilterChain))
#16 /Users/dandeluca/Sites/yii-money/framework/web/CController.php(292): CFilterChain->run()
#17 /Users/dandeluca/Sites/yii-money/framework/web/CController.php(266): CController->runActionWithFilters(Object(CInlineAction), Array)
#18 /Users/dandeluca/Sites/yii-money/framework/web/CWebApplication.php(276): CController->run('')
#19 /Users/dandeluca/Sites/yii-money/framework/web/CWebApplication.php(135): CWebApplication->runController('subcats')
#20 /Users/dandeluca/Sites/yii-money/framework/base/CApplication.php(162): CWebApplication->processRequest()
#21 /Users/dandeluca/Sites/yii-money/htdocs/index.php(13): CApplication->run()
#22 {main}
REQUEST_URI=/yii-money/htdocs/index.php/subcats/
---
2012/01/30 00:05:13 [error] [exception.CException] exception 'CException' with message 'Alias "zii.widgets.CGridView" is invalid. Make sure it points to an existing PHP file.' in /Users/dandeluca/Sites/yii-money/framework/YiiBase.php:318
Stack trace:
#0 /Users/dandeluca/Sites/yii-money/framework/web/CWidgetFactory.php(147): YiiBase::import('zii.widgets.CGr...', true)
#1 /Users/dandeluca/Sites/yii-money/framework/web/CBaseController.php(147): CWidgetFactory->createWidget(Object(SubCatsController), 'zii.widgets.CGr...', Array)
#2 /Users/dandeluca/Sites/yii-money/framework/web/CBaseController.php(173): CBaseController->createWidget('zii.widgets.CGr...', Array)
#3 /Users/dandeluca/Sites/yii-money/protected/views/subcats/index.php(17): CBaseController->widget('zii.widgets.CGr...', Array)
#4 /Users/dandeluca/Sites/yii-money/framework/web/CBaseController.php(127): require('/Users/dandeluc...')
#5 /Users/dandeluca/Sites/yii-money/framework/web/CBaseController.php(96): CBaseController->renderInternal('/Users/dandeluc...', Array, true)
#6 /Users/dandeluca/Sites/yii-money/framework/web/CController.php(870): CBaseController->renderFile('/Users/dandeluc...', Array, true)
#7 /Users/dandeluca/Sites/yii-money/framework/web/CController.php(783): CController->renderPartial('index', Array, true)
#8 /Users/dandeluca/Sites/yii-money/protected/controllers/SubcatsController.php(133): CController->render('index', Array)
#9 /Users/dandeluca/Sites/yii-money/framework/web/actions/CInlineAction.php(50): SubCatsController->actionIndex()
#10 /Users/dandeluca/Sites/yii-money/framework/web/CController.php(309): CInlineAction->runWithParams(Array)
#11 /Users/dandeluca/Sites/yii-money/framework/web/filters/CFilterChain.php(134): CController->runAction(Object(CInlineAction))
#12 /Users/dandeluca/Sites/yii-money/framework/web/filters/CFilter.php(41): CFilterChain->run()
#13 /Users/dandeluca/Sites/yii-money/framework/web/CController.php(1146): CFilter->filter(Object(CFilterChain))
#14 /Users/dandeluca/Sites/yii-money/framework/web/filters/CInlineFilter.php(59): CController->filterAccessControl(Object(CFilterChain))
#15 /Users/dandeluca/Sites/yii-money/framework/web/filters/CFilterChain.php(131): CInlineFilter->filter(Object(CFilterChain))
#16 /Users/dandeluca/Sites/yii-money/framework/web/CController.php(292): CFilterChain->run()
#17 /Users/dandeluca/Sites/yii-money/framework/web/CController.php(266): CController->runActionWithFilters(Object(CInlineAction), Array)
#18 /Users/dandeluca/Sites/yii-money/framework/web/CWebApplication.php(276): CController->run('')
#19 /Users/dandeluca/Sites/yii-money/framework/web/CWebApplication.php(135): CWebApplication->runController('subcats')
#20 /Users/dandeluca/Sites/yii-money/framework/base/CApplication.php(162): CWebApplication->processRequest()
#21 /Users/dandeluca/Sites/yii-money/htdocs/index.php(13): CApplication->run()
#22 {main}
REQUEST_URI=/yii-money/htdocs/index.php/subcats/
---
2012/01/30 00:05:28 [error] [exception.CException] exception 'CException' with message 'Alias "zii.widgets.CGridView" is invalid. Make sure it points to an existing PHP file.' in /Users/dandeluca/Sites/yii-money/framework/YiiBase.php:318
Stack trace:
#0 /Users/dandeluca/Sites/yii-money/framework/web/CWidgetFactory.php(147): YiiBase::import('zii.widgets.CGr...', true)
#1 /Users/dandeluca/Sites/yii-money/framework/web/CBaseController.php(147): CWidgetFactory->createWidget(Object(SubCatsController), 'zii.widgets.CGr...', Array)
#2 /Users/dandeluca/Sites/yii-money/framework/web/CBaseController.php(173): CBaseController->createWidget('zii.widgets.CGr...', Array)
#3 /Users/dandeluca/Sites/yii-money/protected/views/subcats/index.php(17): CBaseController->widget('zii.widgets.CGr...', Array)
#4 /Users/dandeluca/Sites/yii-money/framework/web/CBaseController.php(127): require('/Users/dandeluc...')
#5 /Users/dandeluca/Sites/yii-money/framework/web/CBaseController.php(96): CBaseController->renderInternal('/Users/dandeluc...', Array, true)
#6 /Users/dandeluca/Sites/yii-money/framework/web/CController.php(870): CBaseController->renderFile('/Users/dandeluc...', Array, true)
#7 /Users/dandeluca/Sites/yii-money/framework/web/CController.php(783): CController->renderPartial('index', Array, true)
#8 /Users/dandeluca/Sites/yii-money/protected/controllers/SubcatsController.php(133): CController->render('index', Array)
#9 /Users/dandeluca/Sites/yii-money/framework/web/actions/CInlineAction.php(50): SubCatsController->actionIndex()
#10 /Users/dandeluca/Sites/yii-money/framework/web/CController.php(309): CInlineAction->runWithParams(Array)
#11 /Users/dandeluca/Sites/yii-money/framework/web/filters/CFilterChain.php(134): CController->runAction(Object(CInlineAction))
#12 /Users/dandeluca/Sites/yii-money/framework/web/filters/CFilter.php(41): CFilterChain->run()
#13 /Users/dandeluca/Sites/yii-money/framework/web/CController.php(1146): CFilter->filter(Object(CFilterChain))
#14 /Users/dandeluca/Sites/yii-money/framework/web/filters/CInlineFilter.php(59): CController->filterAccessControl(Object(CFilterChain))
#15 /Users/dandeluca/Sites/yii-money/framework/web/filters/CFilterChain.php(131): CInlineFilter->filter(Object(CFilterChain))
#16 /Users/dandeluca/Sites/yii-money/framework/web/CController.php(292): CFilterChain->run()
#17 /Users/dandeluca/Sites/yii-money/framework/web/CController.php(266): CController->runActionWithFilters(Object(CInlineAction), Array)
#18 /Users/dandeluca/Sites/yii-money/framework/web/CWebApplication.php(276): CController->run('')
#19 /Users/dandeluca/Sites/yii-money/framework/web/CWebApplication.php(135): CWebApplication->runController('subcats')
#20 /Users/dandeluca/Sites/yii-money/framework/base/CApplication.php(162): CWebApplication->processRequest()
#21 /Users/dandeluca/Sites/yii-money/htdocs/index.php(13): CApplication->run()
#22 {main}
REQUEST_URI=/yii-money/htdocs/index.php/subcats/
---
2012/01/30 00:05:30 [error] [exception.CException] exception 'CException' with message 'Alias "zii.widgets.CGridView" is invalid. Make sure it points to an existing PHP file.' in /Users/dandeluca/Sites/yii-money/framework/YiiBase.php:318
Stack trace:
#0 /Users/dandeluca/Sites/yii-money/framework/web/CWidgetFactory.php(147): YiiBase::import('zii.widgets.CGr...', true)
#1 /Users/dandeluca/Sites/yii-money/framework/web/CBaseController.php(147): CWidgetFactory->createWidget(Object(SubCatsController), 'zii.widgets.CGr...', Array)
#2 /Users/dandeluca/Sites/yii-money/framework/web/CBaseController.php(173): CBaseController->createWidget('zii.widgets.CGr...', Array)
#3 /Users/dandeluca/Sites/yii-money/protected/views/subcats/index.php(17): CBaseController->widget('zii.widgets.CGr...', Array)
#4 /Users/dandeluca/Sites/yii-money/framework/web/CBaseController.php(127): require('/Users/dandeluc...')
#5 /Users/dandeluca/Sites/yii-money/framework/web/CBaseController.php(96): CBaseController->renderInternal('/Users/dandeluc...', Array, true)
#6 /Users/dandeluca/Sites/yii-money/framework/web/CController.php(870): CBaseController->renderFile('/Users/dandeluc...', Array, true)
#7 /Users/dandeluca/Sites/yii-money/framework/web/CController.php(783): CController->renderPartial('index', Array, true)
#8 /Users/dandeluca/Sites/yii-money/protected/controllers/SubcatsController.php(133): CController->render('index', Array)
#9 /Users/dandeluca/Sites/yii-money/framework/web/actions/CInlineAction.php(50): SubCatsController->actionIndex()
#10 /Users/dandeluca/Sites/yii-money/framework/web/CController.php(309): CInlineAction->runWithParams(Array)
#11 /Users/dandeluca/Sites/yii-money/framework/web/filters/CFilterChain.php(134): CController->runAction(Object(CInlineAction))
#12 /Users/dandeluca/Sites/yii-money/framework/web/filters/CFilter.php(41): CFilterChain->run()
#13 /Users/dandeluca/Sites/yii-money/framework/web/CController.php(1146): CFilter->filter(Object(CFilterChain))
#14 /Users/dandeluca/Sites/yii-money/framework/web/filters/CInlineFilter.php(59): CController->filterAccessControl(Object(CFilterChain))
#15 /Users/dandeluca/Sites/yii-money/framework/web/filters/CFilterChain.php(131): CInlineFilter->filter(Object(CFilterChain))
#16 /Users/dandeluca/Sites/yii-money/framework/web/CController.php(292): CFilterChain->run()
#17 /Users/dandeluca/Sites/yii-money/framework/web/CController.php(266): CController->runActionWithFilters(Object(CInlineAction), Array)
#18 /Users/dandeluca/Sites/yii-money/framework/web/CWebApplication.php(276): CController->run('')
#19 /Users/dandeluca/Sites/yii-money/framework/web/CWebApplication.php(135): CWebApplication->runController('subcats')
#20 /Users/dandeluca/Sites/yii-money/framework/base/CApplication.php(162): CWebApplication->processRequest()
#21 /Users/dandeluca/Sites/yii-money/htdocs/index.php(13): CApplication->run()
#22 {main}
REQUEST_URI=/yii-money/htdocs/index.php/subcats/
---
2012/01/30 00:05:31 [error] [exception.CException] exception 'CException' with message 'Alias "zii.widgets.CGridView" is invalid. Make sure it points to an existing PHP file.' in /Users/dandeluca/Sites/yii-money/framework/YiiBase.php:318
Stack trace:
#0 /Users/dandeluca/Sites/yii-money/framework/web/CWidgetFactory.php(147): YiiBase::import('zii.widgets.CGr...', true)
#1 /Users/dandeluca/Sites/yii-money/framework/web/CBaseController.php(147): CWidgetFactory->createWidget(Object(SubCatsController), 'zii.widgets.CGr...', Array)
#2 /Users/dandeluca/Sites/yii-money/framework/web/CBaseController.php(173): CBaseController->createWidget('zii.widgets.CGr...', Array)
#3 /Users/dandeluca/Sites/yii-money/protected/views/subcats/index.php(17): CBaseController->widget('zii.widgets.CGr...', Array)
#4 /Users/dandeluca/Sites/yii-money/framework/web/CBaseController.php(127): require('/Users/dandeluc...')
#5 /Users/dandeluca/Sites/yii-money/framework/web/CBaseController.php(96): CBaseController->renderInternal('/Users/dandeluc...', Array, true)
#6 /Users/dandeluca/Sites/yii-money/framework/web/CController.php(870): CBaseController->renderFile('/Users/dandeluc...', Array, true)
#7 /Users/dandeluca/Sites/yii-money/framework/web/CController.php(783): CController->renderPartial('index', Array, true)
#8 /Users/dandeluca/Sites/yii-money/protected/controllers/SubcatsController.php(133): CController->render('index', Array)
#9 /Users/dandeluca/Sites/yii-money/framework/web/actions/CInlineAction.php(50): SubCatsController->actionIndex()
#10 /Users/dandeluca/Sites/yii-money/framework/web/CController.php(309): CInlineAction->runWithParams(Array)
#11 /Users/dandeluca/Sites/yii-money/framework/web/filters/CFilterChain.php(134): CController->runAction(Object(CInlineAction))
#12 /Users/dandeluca/Sites/yii-money/framework/web/filters/CFilter.php(41): CFilterChain->run()
#13 /Users/dandeluca/Sites/yii-money/framework/web/CController.php(1146): CFilter->filter(Object(CFilterChain))
#14 /Users/dandeluca/Sites/yii-money/framework/web/filters/CInlineFilter.php(59): CController->filterAccessControl(Object(CFilterChain))
#15 /Users/dandeluca/Sites/yii-money/framework/web/filters/CFilterChain.php(131): CInlineFilter->filter(Object(CFilterChain))
#16 /Users/dandeluca/Sites/yii-money/framework/web/CController.php(292): CFilterChain->run()
#17 /Users/dandeluca/Sites/yii-money/framework/web/CController.php(266): CController->runActionWithFilters(Object(CInlineAction), Array)
#18 /Users/dandeluca/Sites/yii-money/framework/web/CWebApplication.php(276): CController->run('')
#19 /Users/dandeluca/Sites/yii-money/framework/web/CWebApplication.php(135): CWebApplication->runController('subcats')
#20 /Users/dandeluca/Sites/yii-money/framework/base/CApplication.php(162): CWebApplication->processRequest()
#21 /Users/dandeluca/Sites/yii-money/htdocs/index.php(13): CApplication->run()
#22 {main}
REQUEST_URI=/yii-money/htdocs/index.php/subcats/
---
2012/01/30 00:11:35 [error] [exception.CHttpException.404] exception 'CHttpException' with message 'Unable to resolve the request "accounts/admin".' in /Users/dandeluca/Sites/yii-money/framework/web/CWebApplication.php:280
Stack trace:
#0 /Users/dandeluca/Sites/yii-money/framework/web/CWebApplication.php(135): CWebApplication->runController('accounts/admin')
#1 /Users/dandeluca/Sites/yii-money/framework/base/CApplication.php(162): CWebApplication->processRequest()
#2 /Users/dandeluca/Sites/yii-money/htdocs/index.php(13): CApplication->run()
#3 {main}
REQUEST_URI=/yii-money/htdocs/index.php/accounts/admin
HTTP_REFERER=http://localhost/yii-money/htdocs/index.php/cats/admin
---
2012/01/30 00:19:18 [error] [exception.CHttpException.404] exception 'CHttpException' with message 'The system is unable to find the requested action "form".' in /Users/dandeluca/Sites/yii-money/framework/web/CController.php:484
Stack trace:
#0 /Users/dandeluca/Sites/yii-money/framework/web/CController.php(271): CController->missingAction('form')
#1 /Users/dandeluca/Sites/yii-money/framework/web/CWebApplication.php(276): CController->run('form')
#2 /Users/dandeluca/Sites/yii-money/framework/web/CWebApplication.php(135): CWebApplication->runController('acctype/form')
#3 /Users/dandeluca/Sites/yii-money/framework/base/CApplication.php(162): CWebApplication->processRequest()
#4 /Users/dandeluca/Sites/yii-money/htdocs/index.php(13): CApplication->run()
#5 {main}
REQUEST_URI=/yii-money/htdocs/index.php/acctype/form
---
2012/01/30 00:19:25 [error] [exception.CHttpException.404] exception 'CHttpException' with message 'The system is unable to find the requested action "_form".' in /Users/dandeluca/Sites/yii-money/framework/web/CController.php:484
Stack trace:
#0 /Users/dandeluca/Sites/yii-money/framework/web/CController.php(271): CController->missingAction('_form')
#1 /Users/dandeluca/Sites/yii-money/framework/web/CWebApplication.php(276): CController->run('_form')
#2 /Users/dandeluca/Sites/yii-money/framework/web/CWebApplication.php(135): CWebApplication->runController('acctype/_form')
#3 /Users/dandeluca/Sites/yii-money/framework/base/CApplication.php(162): CWebApplication->processRequest()
#4 /Users/dandeluca/Sites/yii-money/htdocs/index.php(13): CApplication->run()
#5 {main}
REQUEST_URI=/yii-money/htdocs/index.php/acctype/_form
---
2012/01/30 00:19:48 [error] [exception.CHttpException.404] exception 'CHttpException' with message 'The system is unable to find the requested action "form".' in /Users/dandeluca/Sites/yii-money/framework/web/CController.php:484
Stack trace:
#0 /Users/dandeluca/Sites/yii-money/framework/web/CController.php(271): CController->missingAction('form')
#1 /Users/dandeluca/Sites/yii-money/framework/web/CWebApplication.php(276): CController->run('form')
#2 /Users/dandeluca/Sites/yii-money/framework/web/CWebApplication.php(135): CWebApplication->runController('acctype/form')
#3 /Users/dandeluca/Sites/yii-money/framework/base/CApplication.php(162): CWebApplication->processRequest()
#4 /Users/dandeluca/Sites/yii-money/htdocs/index.php(13): CApplication->run()
#5 {main}
REQUEST_URI=/yii-money/htdocs/index.php/acctype/form
---
2012/01/30 20:18:42 [error] [exception.CException] exception 'CException' with message 'Property "CActiveForm.class" is not defined.' in /Users/dandeluca/Sites/yii-money/framework/base/CComponent.php:174
Stack trace:
#0 /Users/dandeluca/Sites/yii-money/framework/web/CWidgetFactory.php(162): CComponent->__set('class', 'form-stacked')
#1 /Users/dandeluca/Sites/yii-money/framework/web/CBaseController.php(147): CWidgetFactory->createWidget(Object(TransactionsController), 'CActiveForm', Array)
#2 /Users/dandeluca/Sites/yii-money/framework/web/CBaseController.php(190): CBaseController->createWidget('CActiveForm', Array)
#3 /Users/dandeluca/Sites/yii-money/protected/views/transactions/_form.php(7): CBaseController->beginWidget('CActiveForm', Array)
#4 /Users/dandeluca/Sites/yii-money/framework/web/CBaseController.php(127): require('/Users/dandeluc...')
#5 /Users/dandeluca/Sites/yii-money/framework/web/CBaseController.php(96): CBaseController->renderInternal('/Users/dandeluc...', Array, true)
#6 /Users/dandeluca/Sites/yii-money/framework/web/CController.php(870): CBaseController->renderFile('/Users/dandeluc...', Array, true)
#7 /Users/dandeluca/Sites/yii-money/protected/views/transactions/create.php(15): CController->renderPartial('_form', Array)
#8 /Users/dandeluca/Sites/yii-money/framework/web/CBaseController.php(127): require('/Users/dandeluc...')
#9 /Users/dandeluca/Sites/yii-money/framework/web/CBaseController.php(96): CBaseController->renderInternal('/Users/dandeluc...', Array, true)
#10 /Users/dandeluca/Sites/yii-money/framework/web/CController.php(870): CBaseController->renderFile('/Users/dandeluc...', Array, true)
#11 /Users/dandeluca/Sites/yii-money/framework/web/CController.php(783): CController->renderPartial('create', Array, true)
#12 /Users/dandeluca/Sites/yii-money/protected/controllers/TransactionsController.php(78): CController->render('create', Array)
#13 /Users/dandeluca/Sites/yii-money/framework/web/actions/CInlineAction.php(50): TransactionsController->actionCreate()
#14 /Users/dandeluca/Sites/yii-money/framework/web/CController.php(309): CInlineAction->runWithParams(Array)
#15 /Users/dandeluca/Sites/yii-money/framework/web/filters/CFilterChain.php(134): CController->runAction(Object(CInlineAction))
#16 /Users/dandeluca/Sites/yii-money/framework/web/filters/CFilter.php(41): CFilterChain->run()
#17 /Users/dandeluca/Sites/yii-money/framework/web/CController.php(1146): CFilter->filter(Object(CFilterChain))
#18 /Users/dandeluca/Sites/yii-money/framework/web/filters/CInlineFilter.php(59): CController->filterAccessControl(Object(CFilterChain))
#19 /Users/dandeluca/Sites/yii-money/framework/web/filters/CFilterChain.php(131): CInlineFilter->filter(Object(CFilterChain))
#20 /Users/dandeluca/Sites/yii-money/framework/web/CController.php(292): CFilterChain->run()
#21 /Users/dandeluca/Sites/yii-money/framework/web/CController.php(266): CController->runActionWithFilters(Object(CInlineAction), Array)
#22 /Users/dandeluca/Sites/yii-money/framework/web/CWebApplication.php(276): CController->run('create')
#23 /Users/dandeluca/Sites/yii-money/framework/web/CWebApplication.php(135): CWebApplication->runController('transactions/cr...')
#24 /Users/dandeluca/Sites/yii-money/framework/base/CApplication.php(162): CWebApplication->processRequest()
#25 /Users/dandeluca/Sites/yii-money/htdocs/index.php(13): CApplication->run()
#26 {main}
REQUEST_URI=/yii-money/htdocs/index.php/transactions/create
HTTP_REFERER=http://localhost/yii-money/htdocs/index.php/transactions/admin
---
2012/01/30 20:19:31 [error] [exception.CException] exception 'CException' with message 'Property "CActiveForm.class" is not defined.' in /Users/dandeluca/Sites/yii-money/framework/base/CComponent.php:174
Stack trace:
#0 /Users/dandeluca/Sites/yii-money/framework/web/CWidgetFactory.php(162): CComponent->__set('class', 'form-stacked')
#1 /Users/dandeluca/Sites/yii-money/framework/web/CBaseController.php(147): CWidgetFactory->createWidget(Object(TransactionsController), 'CActiveForm', Array)
#2 /Users/dandeluca/Sites/yii-money/framework/web/CBaseController.php(190): CBaseController->createWidget('CActiveForm', Array)
#3 /Users/dandeluca/Sites/yii-money/protected/views/transactions/_form.php(7): CBaseController->beginWidget('CActiveForm', Array)
#4 /Users/dandeluca/Sites/yii-money/framework/web/CBaseController.php(127): require('/Users/dandeluc...')
#5 /Users/dandeluca/Sites/yii-money/framework/web/CBaseController.php(96): CBaseController->renderInternal('/Users/dandeluc...', Array, true)
#6 /Users/dandeluca/Sites/yii-money/framework/web/CController.php(870): CBaseController->renderFile('/Users/dandeluc...', Array, true)
#7 /Users/dandeluca/Sites/yii-money/protected/views/transactions/create.php(15): CController->renderPartial('_form', Array)
#8 /Users/dandeluca/Sites/yii-money/framework/web/CBaseController.php(127): require('/Users/dandeluc...')
#9 /Users/dandeluca/Sites/yii-money/framework/web/CBaseController.php(96): CBaseController->renderInternal('/Users/dandeluc...', Array, true)
#10 /Users/dandeluca/Sites/yii-money/framework/web/CController.php(870): CBaseController->renderFile('/Users/dandeluc...', Array, true)
#11 /Users/dandeluca/Sites/yii-money/framework/web/CController.php(783): CController->renderPartial('create', Array, true)
#12 /Users/dandeluca/Sites/yii-money/protected/controllers/TransactionsController.php(78): CController->render('create', Array)
#13 /Users/dandeluca/Sites/yii-money/framework/web/actions/CInlineAction.php(50): TransactionsController->actionCreate()
#14 /Users/dandeluca/Sites/yii-money/framework/web/CController.php(309): CInlineAction->runWithParams(Array)
#15 /Users/dandeluca/Sites/yii-money/framework/web/filters/CFilterChain.php(134): CController->runAction(Object(CInlineAction))
#16 /Users/dandeluca/Sites/yii-money/framework/web/filters/CFilter.php(41): CFilterChain->run()
#17 /Users/dandeluca/Sites/yii-money/framework/web/CController.php(1146): CFilter->filter(Object(CFilterChain))
#18 /Users/dandeluca/Sites/yii-money/framework/web/filters/CInlineFilter.php(59): CController->filterAccessControl(Object(CFilterChain))
#19 /Users/dandeluca/Sites/yii-money/framework/web/filters/CFilterChain.php(131): CInlineFilter->filter(Object(CFilterChain))
#20 /Users/dandeluca/Sites/yii-money/framework/web/CController.php(292): CFilterChain->run()
#21 /Users/dandeluca/Sites/yii-money/framework/web/CController.php(266): CController->runActionWithFilters(Object(CInlineAction), Array)
#22 /Users/dandeluca/Sites/yii-money/framework/web/CWebApplication.php(276): CController->run('create')
#23 /Users/dandeluca/Sites/yii-money/framework/web/CWebApplication.php(135): CWebApplication->runController('transactions/cr...')
#24 /Users/dandeluca/Sites/yii-money/framework/base/CApplication.php(162): CWebApplication->processRequest()
#25 /Users/dandeluca/Sites/yii-money/htdocs/index.php(13): CApplication->run()
#26 {main}
REQUEST_URI=/yii-money/htdocs/index.php/transactions/create
HTTP_REFERER=http://localhost/yii-money/htdocs/index.php/transactions/admin
---
2012/01/30 21:10:27 [error] [exception.CException] exception 'CException' with message 'Property "CBreadcrumbs.class" is not defined.' in /Users/dandeluca/Sites/yii-money/framework/base/CComponent.php:174
Stack trace:
#0 /Users/dandeluca/Sites/yii-money/framework/web/CWidgetFactory.php(162): CComponent->__set('class', 'breadcrumb')
#1 /Users/dandeluca/Sites/yii-money/framework/web/CBaseController.php(147): CWidgetFactory->createWidget(Object(TransactionsController), 'zii.widgets.CBr...', Array)
#2 /Users/dandeluca/Sites/yii-money/framework/web/CBaseController.php(173): CBaseController->createWidget('zii.widgets.CBr...', Array)
#3 /Users/dandeluca/Sites/yii-money/protected/views/layouts/main.php(46): CBaseController->widget('zii.widgets.CBr...', Array)
#4 /Users/dandeluca/Sites/yii-money/framework/web/CBaseController.php(127): require('/Users/dandeluc...')
#5 /Users/dandeluca/Sites/yii-money/framework/web/CBaseController.php(96): CBaseController->renderInternal('/Users/dandeluc...', Array, true)
#6 /Users/dandeluca/Sites/yii-money/framework/web/widgets/CContentDecorator.php(77): CBaseController->renderFile('/Users/dandeluc...', Array, true)
#7 /Users/dandeluca/Sites/yii-money/framework/web/widgets/CContentDecorator.php(55): CContentDecorator->decorate('<div id="conten...')
#8 /Users/dandeluca/Sites/yii-money/framework/web/widgets/COutputProcessor.php(45): CContentDecorator->processOutput('<div id="conten...')
#9 /Users/dandeluca/Sites/yii-money/framework/web/CBaseController.php(207): COutputProcessor->run()
#10 /Users/dandeluca/Sites/yii-money/framework/web/CBaseController.php(301): CBaseController->endWidget('CContentDecorat...')
#11 /Users/dandeluca/Sites/yii-money/protected/views/layouts/column1.php(15): CBaseController->endContent()
#12 /Users/dandeluca/Sites/yii-money/framework/web/CBaseController.php(127): require('/Users/dandeluc...')
#13 /Users/dandeluca/Sites/yii-money/framework/web/CBaseController.php(96): CBaseController->renderInternal('/Users/dandeluc...', Array, true)
#14 /Users/dandeluca/Sites/yii-money/framework/web/CController.php(785): CBaseController->renderFile('/Users/dandeluc...', Array, true)
#15 /Users/dandeluca/Sites/yii-money/protected/controllers/TransactionsController.php(148): CController->render('admin', Array)
#16 /Users/dandeluca/Sites/yii-money/framework/web/actions/CInlineAction.php(50): TransactionsController->actionAdmin()
#17 /Users/dandeluca/Sites/yii-money/framework/web/CController.php(309): CInlineAction->runWithParams(Array)
#18 /Users/dandeluca/Sites/yii-money/framework/web/filters/CFilterChain.php(134): CController->runAction(Object(CInlineAction))
#19 /Users/dandeluca/Sites/yii-money/framework/web/filters/CFilter.php(41): CFilterChain->run()
#20 /Users/dandeluca/Sites/yii-money/framework/web/CController.php(1146): CFilter->filter(Object(CFilterChain))
#21 /Users/dandeluca/Sites/yii-money/framework/web/filters/CInlineFilter.php(59): CController->filterAccessControl(Object(CFilterChain))
#22 /Users/dandeluca/Sites/yii-money/framework/web/filters/CFilterChain.php(131): CInlineFilter->filter(Object(CFilterChain))
#23 /Users/dandeluca/Sites/yii-money/framework/web/CController.php(292): CFilterChain->run()
#24 /Users/dandeluca/Sites/yii-money/framework/web/CController.php(266): CController->runActionWithFilters(Object(CInlineAction), Array)
#25 /Users/dandeluca/Sites/yii-money/framework/web/CWebApplication.php(276): CController->run('admin')
#26 /Users/dandeluca/Sites/yii-money/framework/web/CWebApplication.php(135): CWebApplication->runController('transactions/ad...')
#27 /Users/dandeluca/Sites/yii-money/framework/base/CApplication.php(162): CWebApplication->processRequest()
#28 /Users/dandeluca/Sites/yii-money/htdocs/index.php(13): CApplication->run()
#29 {main}
REQUEST_URI=/yii-money/htdocs/index.php/transactions/admin
HTTP_REFERER=http://localhost/yii-money/htdocs/index.php/subcats/admin
---
2012/01/31 00:34:04 [error] [exception.CHttpException.400] exception 'CHttpException' with message 'Your request is invalid.' in /Users/dandeluca/Sites/yii-money/framework/web/CController.php:337
Stack trace:
#0 /Users/dandeluca/Sites/yii-money/framework/web/CController.php(310): CController->invalidActionParams(Object(CInlineAction))
#1 /Users/dandeluca/Sites/yii-money/framework/web/filters/CFilterChain.php(134): CController->runAction(Object(CInlineAction))
#2 /Users/dandeluca/Sites/yii-money/framework/web/filters/CFilter.php(41): CFilterChain->run()
#3 /Users/dandeluca/Sites/yii-money/framework/web/CController.php(1146): CFilter->filter(Object(CFilterChain))
#4 /Users/dandeluca/Sites/yii-money/framework/web/filters/CInlineFilter.php(59): CController->filterAccessControl(Object(CFilterChain))
#5 /Users/dandeluca/Sites/yii-money/framework/web/filters/CFilterChain.php(131): CInlineFilter->filter(Object(CFilterChain))
#6 /Users/dandeluca/Sites/yii-money/framework/web/CController.php(292): CFilterChain->run()
#7 /Users/dandeluca/Sites/yii-money/framework/web/CController.php(266): CController->runActionWithFilters(Object(CInlineAction), Array)
#8 /Users/dandeluca/Sites/yii-money/framework/web/CWebApplication.php(276): CController->run('update')
#9 /Users/dandeluca/Sites/yii-money/framework/web/CWebApplication.php(135): CWebApplication->runController('transactions/up...')
#10 /Users/dandeluca/Sites/yii-money/framework/base/CApplication.php(162): CWebApplication->processRequest()
#11 /Users/dandeluca/Sites/yii-money/htdocs/index.php(13): CApplication->run()
#12 {main}
REQUEST_URI=/yii-money/htdocs/index.php/transactions/update
HTTP_REFERER=http://localhost/yii-money/htdocs/index.php/transactions/admin
---
2012/01/31 00:41:34 [error] [exception.CHttpException.400] exception 'CHttpException' with message 'Your request is invalid.' in /Users/dandeluca/Sites/yii-money/framework/web/CController.php:337
Stack trace:
#0 /Users/dandeluca/Sites/yii-money/framework/web/CController.php(310): CController->invalidActionParams(Object(CInlineAction))
#1 /Users/dandeluca/Sites/yii-money/framework/web/filters/CFilterChain.php(134): CController->runAction(Object(CInlineAction))
#2 /Users/dandeluca/Sites/yii-money/framework/web/filters/CFilter.php(41): CFilterChain->run()
#3 /Users/dandeluca/Sites/yii-money/framework/web/CController.php(1146): CFilter->filter(Object(CFilterChain))
#4 /Users/dandeluca/Sites/yii-money/framework/web/filters/CInlineFilter.php(59): CController->filterAccessControl(Object(CFilterChain))
#5 /Users/dandeluca/Sites/yii-money/framework/web/filters/CFilterChain.php(131): CInlineFilter->filter(Object(CFilterChain))
#6 /Users/dandeluca/Sites/yii-money/framework/web/CController.php(292): CFilterChain->run()
#7 /Users/dandeluca/Sites/yii-money/framework/web/CController.php(266): CController->runActionWithFilters(Object(CInlineAction), Array)
#8 /Users/dandeluca/Sites/yii-money/framework/web/CWebApplication.php(276): CController->run('view')
#9 /Users/dandeluca/Sites/yii-money/framework/web/CWebApplication.php(135): CWebApplication->runController('payees/view')
#10 /Users/dandeluca/Sites/yii-money/framework/base/CApplication.php(162): CWebApplication->processRequest()
#11 /Users/dandeluca/Sites/yii-money/htdocs/index.php(13): CApplication->run()
#12 {main}
REQUEST_URI=/yii-money/htdocs/index.php/payees/view
---
2012/01/31 00:41:40 [error] [exception.CHttpException.404] exception 'CHttpException' with message 'The requested page does not exist.' in /Users/dandeluca/Sites/yii-money/protected/controllers/PayeesController.php:160
Stack trace:
#0 /Users/dandeluca/Sites/yii-money/protected/controllers/PayeesController.php(54): PayeesController->loadModel('1')
#1 [internal function]: PayeesController->actionView('1')
#2 /Users/dandeluca/Sites/yii-money/framework/web/actions/CAction.php(107): ReflectionMethod->invokeArgs(Object(PayeesController), Array)
#3 /Users/dandeluca/Sites/yii-money/framework/web/actions/CInlineAction.php(48): CAction->runWithParamsInternal(Object(PayeesController), Object(ReflectionMethod), Array)
#4 /Users/dandeluca/Sites/yii-money/framework/web/CController.php(309): CInlineAction->runWithParams(Array)
#5 /Users/dandeluca/Sites/yii-money/framework/web/filters/CFilterChain.php(134): CController->runAction(Object(CInlineAction))
#6 /Users/dandeluca/Sites/yii-money/framework/web/filters/CFilter.php(41): CFilterChain->run()
#7 /Users/dandeluca/Sites/yii-money/framework/web/CController.php(1146): CFilter->filter(Object(CFilterChain))
#8 /Users/dandeluca/Sites/yii-money/framework/web/filters/CInlineFilter.php(59): CController->filterAccessControl(Object(CFilterChain))
#9 /Users/dandeluca/Sites/yii-money/framework/web/filters/CFilterChain.php(131): CInlineFilter->filter(Object(CFilterChain))
#10 /Users/dandeluca/Sites/yii-money/framework/web/CController.php(292): CFilterChain->run()
#11 /Users/dandeluca/Sites/yii-money/framework/web/CController.php(266): CController->runActionWithFilters(Object(CInlineAction), Array)
#12 /Users/dandeluca/Sites/yii-money/framework/web/CWebApplication.php(276): CController->run('view')
#13 /Users/dandeluca/Sites/yii-money/framework/web/CWebApplication.php(135): CWebApplication->runController('payees/view')
#14 /Users/dandeluca/Sites/yii-money/framework/base/CApplication.php(162): CWebApplication->processRequest()
#15 /Users/dandeluca/Sites/yii-money/htdocs/index.php(13): CApplication->run()
#16 {main}
REQUEST_URI=/yii-money/htdocs/index.php/payees/view/1
---
2012/01/31 00:42:11 [error] [exception.CHttpException.404] exception 'CHttpException' with message 'Unable to resolve the request "view".' in /Users/dandeluca/Sites/yii-money/framework/web/CWebApplication.php:280
Stack trace:
#0 /Users/dandeluca/Sites/yii-money/framework/web/CWebApplication.php(135): CWebApplication->runController('view')
#1 /Users/dandeluca/Sites/yii-money/framework/base/CApplication.php(162): CWebApplication->processRequest()
#2 /Users/dandeluca/Sites/yii-money/htdocs/index.php(13): CApplication->run()
#3 {main}
REQUEST_URI=/yii-money/htdocs/index.php/view/
---
2012/01/31 00:42:15 [error] [exception.CHttpException.404] exception 'CHttpException' with message 'Unable to resolve the request "view/view".' in /Users/dandeluca/Sites/yii-money/framework/web/CWebApplication.php:280
Stack trace:
#0 /Users/dandeluca/Sites/yii-money/framework/web/CWebApplication.php(135): CWebApplication->runController('view/view')
#1 /Users/dandeluca/Sites/yii-money/framework/base/CApplication.php(162): CWebApplication->processRequest()
#2 /Users/dandeluca/Sites/yii-money/htdocs/index.php(13): CApplication->run()
#3 {main}
REQUEST_URI=/yii-money/htdocs/index.php/view/3
---
2012/01/31 01:14:16 [error] [exception.CHttpException.404] exception 'CHttpException' with message 'The system is unable to find the requested action "view".' in /Users/dandeluca/Sites/yii-money/framework/web/CController.php:484
Stack trace:
#0 /Users/dandeluca/Sites/yii-money/framework/web/CController.php(271): CController->missingAction('view')
#1 /Users/dandeluca/Sites/yii-money/framework/web/CWebApplication.php(276): CController->run('view')
#2 /Users/dandeluca/Sites/yii-money/framework/web/CWebApplication.php(135): CWebApplication->runController('payees/view')
#3 /Users/dandeluca/Sites/yii-money/framework/base/CApplication.php(162): CWebApplication->processRequest()
#4 /Users/dandeluca/Sites/yii-money/htdocs/index.php(13): CApplication->run()
#5 {main}
REQUEST_URI=/yii-money/htdocs/index.php/payees/3
HTTP_REFERER=http://localhost/yii-money/htdocs/index.php/payees/admin
---
